Log file open, 07/09/23 11:57:04
LogWindows: Failed to load 'aqProf.dll' (GetLastError=126)
LogWindows: File 'aqProf.dll' does not exist
LogWindows: Failed to load 'VtuneApi.dll' (GetLastError=126)
LogWindows: File 'VtuneApi.dll' does not exist
LogWindows: Failed to load 'VtuneApi32e.dll' (GetLastError=126)
LogWindows: File 'VtuneApi32e.dll' does not exist
LogConsoleResponse: Display: Failed to find resolution value strings in scalability ini. Falling back to default.
LogConsoleResponse: Display: Failed to find resolution value strings in scalability ini. Falling back to default.
LogInit: Display: Running engine for game: TakeComplement_Proj
LogPlatformFile: Not using cached read wrapper
LogTaskGraph: Started task graph with 5 named threads and 47 total threads with 3 sets of task threads.
LogStats: Stats thread started at 0.194401
LogICUInternationalization: ICU TimeZone Detection - Raw Offset: +10:00, Platform Override: ''
LogInit: Display: Loading text-based GConfig....
LogPluginManager: Mounting plugin MeshPainting
LogPluginManager: Mounting plugin XGEController
LogPluginManager: Mounting plugin Paper2D
LogPluginManager: Mounting plugin AISupport
LogPluginManager: Mounting plugin EnvironmentQueryEditor
LogPluginManager: Mounting plugin LiveLink
LogPluginManager: Mounting plugin LightPropagationVolume
LogPluginManager: Mounting plugin CameraShakePreviewer
LogPluginManager: Mounting plugin GameplayCameras
LogPluginManager: Mounting plugin AnimationSharing
LogPluginManager: Mounting plugin OodleNetwork
LogPluginManager: Mounting plugin OodleData
LogPluginManager: Mounting plugin NullSourceCodeAccess
LogPluginManager: Mounting plugin KDevelopSourceCodeAccess
LogPluginManager: Mounting plugin CLionSourceCodeAccess
LogPluginManager: Mounting plugin GitSourceControl
LogPluginManager: Mounting plugin PerforceSourceControl
LogPluginManager: Mounting plugin CodeLiteSourceCodeAccess
LogPluginManager: Mounting plugin PluginUtils
LogPluginManager: Mounting plugin SubversionSourceControl
LogPluginManager: Mounting plugin TextureFormatOodle
LogPluginManager: Mounting plugin VisualStudioCodeSourceCodeAccess
LogPluginManager: Mounting plugin PropertyAccessNode
LogPluginManager: Mounting plugin RiderSourceCodeAccess
LogPluginManager: Mounting plugin PlasticSourceControl
LogPluginManager: Mounting plugin VisualStudioSourceCodeAccess
LogPluginManager: Mounting plugin UObjectPlugin
LogPluginManager: Mounting plugin PixWinPlugin
LogPluginManager: Mounting plugin AssetManagerEditor
LogPluginManager: Mounting plugin CurveEditorTools
LogPluginManager: Mounting plugin CryptoKeys
LogPluginManager: Mounting plugin FacialAnimation
LogPluginManager: Mounting plugin GameplayTagsEditor
LogPluginManager: Mounting plugin DataValidation
LogPluginManager: Mounting plugin MacGraphicsSwitching
LogPluginManager: Mounting plugin GeometryMode
LogPluginManager: Mounting plugin MaterialAnalyzer
LogPluginManager: Mounting plugin MobileLauncherProfileWizard
LogPluginManager: Mounting plugin PluginBrowser
LogPluginManager: Mounting plugin AlembicImporter
LogPluginManager: Mounting plugin SpeedTreeImporter
LogPluginManager: Mounting plugin BackChannel
LogPluginManager: Mounting plugin AutomationUtils
LogPluginManager: Mounting plugin XCodeSourceCodeAccess
LogPluginManager: Mounting plugin ChaosCloth
LogPluginManager: Mounting plugin ChaosEditor
LogPluginManager: Mounting plugin ChaosNiagara
LogPluginManager: Mounting plugin ChaosClothEditor
LogPluginManager: Mounting plugin ChaosSolverPlugin
LogPluginManager: Mounting plugin CharacterAI
LogPluginManager: Mounting plugin GeometryCache
LogPluginManager: Mounting plugin GeometryCollectionPlugin
LogPluginManager: Mounting plugin Niagara
LogPluginManager: Mounting plugin GeometryProcessing
LogPluginManager: Mounting plugin OpenImageDenoise
LogPluginManager: Mounting plugin MotoSynth
LogPluginManager: Mounting plugin PlanarCut
LogPluginManager: Mounting plugin PlatformCrypto
LogPluginManager: Mounting plugin ProxyLODPlugin
LogPluginManager: Mounting plugin RawInput
LogPluginManager: Mounting plugin PythonScriptPlugin
LogPluginManager: Mounting plugin SkeletalReduction
LogPluginManager: Mounting plugin LuminPlatformFeatures
LogPluginManager: Mounting plugin MagicLeap
LogPluginManager: Mounting plugin DatasmithContent
LogPluginManager: Mounting plugin VariantManagerContent
LogPluginManager: Mounting plugin MagicLeapMedia
LogPluginManager: Mounting plugin MagicLeapLightEstimation
LogPluginManager: Mounting plugin MagicLeapPassableWorld
LogPluginManager: Mounting plugin MLSDK
LogPluginManager: Mounting plugin AndroidMedia
LogPluginManager: Mounting plugin AvfMedia
LogPluginManager: Mounting plugin MediaCompositing
LogPluginManager: Mounting plugin ImgMedia
LogPluginManager: Mounting plugin MediaPlayerEditor
LogPluginManager: Mounting plugin WebMMedia
LogPluginManager: Mounting plugin TcpMessaging
LogPluginManager: Mounting plugin UdpMessaging
LogPluginManager: Mounting plugin ActorSequence
LogPluginManager: Mounting plugin LevelSequenceEditor
LogPluginManager: Mounting plugin MatineeToLevelSequence
LogPluginManager: Mounting plugin WmfMedia
LogPluginManager: Mounting plugin OnlineSubsystem
LogPluginManager: Mounting plugin LauncherChunkInstaller
LogPluginManager: Mounting plugin OnlineSubsystemNull
LogPluginManager: Mounting plugin OnlineSubsystemUtils
LogPluginManager: Mounting plugin ActorLayerUtilities
LogPluginManager: Mounting plugin AndroidDeviceProfileSelector
LogPluginManager: Mounting plugin AndroidPermission
LogPluginManager: Mounting plugin AndroidMoviePlayer
LogPluginManager: Mounting plugin TemplateSequence
LogPluginManager: Mounting plugin AppleMoviePlayer
LogPluginManager: Mounting plugin ArchVisCharacter
LogPluginManager: Mounting plugin AssetTags
LogPluginManager: Mounting plugin AudioCapture
LogPluginManager: Mounting plugin AudioSynesthesia
LogPluginManager: Mounting plugin CableComponent
LogPluginManager: Mounting plugin ChunkDownloader
LogPluginManager: Mounting plugin CustomMeshComponent
LogPluginManager: Mounting plugin EditableMesh
LogPluginManager: Mounting plugin ExampleDeviceProfileSelector
LogPluginManager: Mounting plugin GooglePAD
LogPluginManager: Mounting plugin GoogleCloudMessaging
LogPluginManager: Mounting plugin AppleImageUtils
LogPluginManager: Mounting plugin ScreenshotTools
LogPluginManager: Mounting plugin IOSDeviceProfileSelector
LogPluginManager: Mounting plugin LinuxDeviceProfileSelector
LogPluginManager: Mounting plugin LocationServicesBPLibrary
LogPluginManager: Mounting plugin MobilePatchingUtils
LogPluginManager: Mounting plugin OpenXR
LogPluginManager: Mounting plugin OpenXREyeTracker
LogPluginManager: Mounting plugin OpenXRHandTracking
LogPluginManager: Mounting plugin PhysXVehicles
LogPluginManager: Mounting plugin PostSplashScreen
LogPluginManager: Mounting plugin Takes
LogPluginManager: Mounting plugin ProceduralMeshComponent
LogPluginManager: Mounting plugin PropertyAccessEditor
LogPluginManager: Mounting plugin SignificanceManager
LogPluginManager: Mounting plugin RuntimePhysXCooking
LogPluginManager: Mounting plugin SoundFields
LogPluginManager: Mounting plugin WebMMoviePlayer
LogPluginManager: Mounting plugin WindowsMoviePlayer
LogPluginManager: Mounting plugin Synthesis
LogPluginManager: Mounting plugin ContentBrowserAssetDataSource
LogPluginManager: Mounting plugin ContentBrowserClassDataSource
LogPluginManager: Mounting plugin ContentBrowserFileDataSource
LogPluginManager: Mounting plugin OnlineSubsystemGooglePlay
LogPluginManager: Mounting plugin OnlineSubsystemIOS
LogPluginManager: Mounting plugin OculusVR
LogPluginManager: Mounting plugin SteamVR
PixWinPlugin: PIX capture plugin failed to initialize! Check that the process is launched from PIX.
LogInit: Using libcurl 7.55.1-DEV
LogInit:  - built for x86_64-pc-win32
LogInit:  - supports SSL with OpenSSL/1.1.1
LogInit:  - supports HTTP deflate (compression) using libz 1.2.8
LogInit:  - other features:
LogInit:      CURL_VERSION_SSL
LogInit:      CURL_VERSION_LIBZ
LogInit:      CURL_VERSION_IPV6
LogInit:      CURL_VERSION_ASYNCHDNS
LogInit:      CURL_VERSION_LARGEFILE
LogInit:      CURL_VERSION_IDN
LogInit:  CurlRequestOptions (configurable via config and command line):
LogInit:  - bVerifyPeer = true  - Libcurl will verify peer certificate
LogInit:  - bUseHttpProxy = false  - Libcurl will NOT use HTTP proxy
LogInit:  - bDontReuseConnections = false  - Libcurl will reuse connections
LogInit:  - MaxHostConnections = 16  - Libcurl will limit the number of connections to a host
LogInit:  - LocalHostAddr = Default
LogInit:  - BufferSize = 65536
LogOnline: OSS: Creating online subsystem instance for: NULL
LogInit: WinSock: version 1.1 (2.2), MaxSocks=32767, MaxUdp=65467
LogOnline: OSS: TryLoadSubsystemAndSetDefault: Loaded subsystem for module [NULL]
LogOculusPluginWrapper: OculusPlugin initialized successfully
LogHMD: Failed initializing OVRPlugin 1.59.0
LogInit: Build: ++UE4+Release-4.27-CL-18319896
LogInit: Engine Version: 4.27.2-18319896+++UE4+Release-4.27
LogInit: Compatible Engine Version: 4.27.0-17155196+++UE4+Release-4.27
LogInit: Net CL: 17155196
LogInit: OS: Windows 10 (Release 2009) (), CPU: Intel(R) Core(TM) i9-9900K CPU @ 3.60GHz, GPU: NVIDIA GeForce RTX 3060 Ti
LogInit: Compiled (64-bit): Nov 30 2021 07:12:08
LogInit: Compiled with Visual C++: 19.24.28315.00
LogInit: Build Configuration: Development
LogInit: Branch Name: ++UE4+Release-4.27
LogInit: Command Line:  /Game/MyContent/Maps/LV_Menu_Home -game -PIEVIACONSOLE -Multiprocess "GameUserSettingsINI=C:/Users/Timothy Hurley/Desktop/GitGood/take-the-complement/TakeComplement_Proj 4.27/Saved/Config/Windows/PIEGameUserSettings0.ini" -MultiprocessSaveConfig -forcepassthrough -messaging -SessionName="Play in Standalone Game" -windowed -WinX=2100 -WinY=170 SAVEWINPOS=1 -ResX=1280 -ResY=720
LogInit: Base Directory: C:/Program Files/Epic Games/UE_4.27/Engine/Binaries/Win64/
LogInit: Allocator: TBB
LogInit: Installed Engine Build: 1
LogDevObjectVersion: Number of dev versions registered: 29
LogDevObjectVersion:   Dev-Blueprints (B0D832E4-1F89-4F0D-ACCF-7EB736FD4AA2): 10
LogDevObjectVersion:   Dev-Build (E1C64328-A22C-4D53-A36C-8E866417BD8C): 0
LogDevObjectVersion:   Dev-Core (375EC13C-06E4-48FB-B500-84F0262A717E): 4
LogDevObjectVersion:   Dev-Editor (E4B068ED-F494-42E9-A231-DA0B2E46BB41): 40
LogDevObjectVersion:   Dev-Framework (CFFC743F-43B0-4480-9391-14DF171D2073): 37
LogDevObjectVersion:   Dev-Mobile (B02B49B5-BB20-44E9-A304-32B752E40360): 3
LogDevObjectVersion:   Dev-Networking (A4E4105C-59A1-49B5-A7C5-40C4547EDFEE): 0
LogDevObjectVersion:   Dev-Online (39C831C9-5AE6-47DC-9A44-9C173E1C8E7C): 0
LogDevObjectVersion:   Dev-Physics (78F01B33-EBEA-4F98-B9B4-84EACCB95AA2): 14
LogDevObjectVersion:   Dev-Platform (6631380F-2D4D-43E0-8009-CF276956A95A): 0
LogDevObjectVersion:   Dev-Rendering (12F88B9F-8875-4AFC-A67C-D90C383ABD29): 45
LogDevObjectVersion:   Dev-Sequencer (7B5AE74C-D270-4C10-A958-57980B212A5A): 13
LogDevObjectVersion:   Dev-VR (D7296918-1DD6-4BDD-9DE2-64A83CC13884): 3
LogDevObjectVersion:   Dev-LoadTimes (C2A15278-BFE7-4AFE-6C17-90FF531DF755): 1
LogDevObjectVersion:   Private-Geometry (6EACA3D4-40EC-4CC1-B786-8BED09428FC5): 3
LogDevObjectVersion:   Dev-AnimPhys (29E575DD-E0A3-4627-9D10-D276232CDCEA): 17
LogDevObjectVersion:   Dev-Anim (AF43A65D-7FD3-4947-9873-3E8ED9C1BB05): 15
LogDevObjectVersion:   Dev-ReflectionCapture (6B266CEC-1EC7-4B8F-A30B-E4D90942FC07): 1
LogDevObjectVersion:   Dev-Automation (0DF73D61-A23F-47EA-B727-89E90C41499A): 1
LogDevObjectVersion:   FortniteMain (601D1886-AC64-4F84-AA16-D3DE0DEAC7D6): 47
LogDevObjectVersion:   FortniteRelease (E7086368-6B23-4C58-8439-1B7016265E91): 1
LogDevObjectVersion:   Dev-Enterprise (9DFFBCD6-494F-0158-E221-12823C92A888): 10
LogDevObjectVersion:   Dev-Niagara (F2AED0AC-9AFE-416F-8664-AA7FFA26D6FC): 1
LogDevObjectVersion:   Dev-Destruction (174F1F0B-B4C6-45A5-B13F-2EE8D0FB917D): 10
LogDevObjectVersion:   Dev-Physics-Ext (35F94A83-E258-406C-A318-09F59610247C): 41
LogDevObjectVersion:   Dev-PhysicsMaterial-Chaos (B68FC16E-8B1B-42E2-B453-215C058844FE): 1
LogDevObjectVersion:   Dev-CineCamera (B2E18506-4273-CFC2-A54E-F4BB758BBA07): 1
LogDevObjectVersion:   Dev-VirtualProduction (64F58936-FD1B-42BA-BA96-7289D5D0FA4E): 1
LogDevObjectVersion:   Dev-MediaFramework (6F0ED827-A609-4895-9C91-998D90180EA4): 2
LogInit: Presizing for max 25165824 objects, including 0 objects not considered by GC, pre-allocating 0 bytes for permanent pool.
LogConfig: Applying CVar settings from Section [/Script/Engine.StreamingSettings] File [C:/Users/Timothy Hurley/Desktop/GitGood/take-the-complement/TakeComplement_Proj 4.27/Saved/Config/Windows/Engine.ini]
LogConfig: Setting CVar [[s.MinBulkDataSizeForAsyncLoading:131072]]
LogConfig: Setting CVar [[s.AsyncLoadingThreadEnabled:0]]
LogConfig: Setting CVar [[s.EventDrivenLoaderEnabled:1]]
LogConfig: Setting CVar [[s.WarnIfTimeLimitExceeded:0]]
LogConfig: Setting CVar [[s.TimeLimitExceededMultiplier:1.5]]
LogConfig: Setting CVar [[s.TimeLimitExceededMinTime:0.005]]
LogConfig: Setting CVar [[s.UseBackgroundLevelStreaming:1]]
LogConfig: Setting CVar [[s.PriorityAsyncLoadingExtraTime:15.0]]
LogConfig: Setting CVar [[s.LevelStreamingActorsUpdateTimeLimit:5.0]]
LogConfig: Setting CVar [[s.PriorityLevelStreamingActorsUpdateExtraTime:5.0]]
LogConfig: Setting CVar [[s.LevelStreamingComponentsRegistrationGranularity:10]]
LogConfig: Setting CVar [[s.UnregisterComponentsTimeLimit:1.0]]
LogConfig: Setting CVar [[s.LevelStreamingComponentsUnregistrationGranularity:5]]
LogConfig: Setting CVar [[s.FlushStreamingOnExit:1]]
LogInit: Object subsystem initialized
LogConfig: Setting CVar [[con.DebugEarlyDefault:1]]
LogConfig: Setting CVar [[r.setres:1280x720]]
[2023.07.09-01.57.05:651][  0]LogConfig: Setting CVar [[con.DebugEarlyDefault:1]]
[2023.07.09-01.57.05:651][  0]LogConfig: Setting CVar [[r.setres:1280x720]]
[2023.07.09-01.57.05:651][  0]LogConfig: Applying CVar settings from Section [/Script/Engine.RendererSettings] File [C:/Users/Timothy Hurley/Desktop/GitGood/take-the-complement/TakeComplement_Proj 4.27/Saved/Config/Windows/Engine.ini]
[2023.07.09-01.57.05:651][  0]LogConfig: Setting CVar [[r.GPUCrashDebugging:0]]
[2023.07.09-01.57.05:652][  0]LogConfig: Setting CVar [[r.CustomDepth:3]]
[2023.07.09-01.57.05:652][  0]LogConfig: Setting CVar [[r.CustomDepthTemporalAAJitter:0]]
[2023.07.09-01.57.05:652][  0]LogConfig: Applying CVar settings from Section [/Script/Engine.RendererOverrideSettings] File [C:/Users/Timothy Hurley/Desktop/GitGood/take-the-complement/TakeComplement_Proj 4.27/Saved/Config/Windows/Engine.ini]
[2023.07.09-01.57.05:652][  0]LogConfig: Applying CVar settings from Section [/Script/Engine.StreamingSettings] File [C:/Users/Timothy Hurley/Desktop/GitGood/take-the-complement/TakeComplement_Proj 4.27/Saved/Config/Windows/Engine.ini]
[2023.07.09-01.57.05:652][  0]LogConfig: Setting CVar [[s.MinBulkDataSizeForAsyncLoading:131072]]
[2023.07.09-01.57.05:652][  0]LogConfig: Setting CVar [[s.AsyncLoadingThreadEnabled:0]]
[2023.07.09-01.57.05:652][  0]LogConfig: Setting CVar [[s.EventDrivenLoaderEnabled:1]]
[2023.07.09-01.57.05:652][  0]LogConfig: Setting CVar [[s.WarnIfTimeLimitExceeded:0]]
[2023.07.09-01.57.05:652][  0]LogConfig: Setting CVar [[s.TimeLimitExceededMultiplier:1.5]]
[2023.07.09-01.57.05:652][  0]LogConfig: Setting CVar [[s.TimeLimitExceededMinTime:0.005]]
[2023.07.09-01.57.05:652][  0]LogConfig: Setting CVar [[s.UseBackgroundLevelStreaming:1]]
[2023.07.09-01.57.05:652][  0]LogConfig: Setting CVar [[s.PriorityAsyncLoadingExtraTime:15.0]]
[2023.07.09-01.57.05:652][  0]LogConfig: Setting CVar [[s.LevelStreamingActorsUpdateTimeLimit:5.0]]
[2023.07.09-01.57.05:652][  0]LogConfig: Setting CVar [[s.PriorityLevelStreamingActorsUpdateExtraTime:5.0]]
[2023.07.09-01.57.05:652][  0]LogConfig: Setting CVar [[s.LevelStreamingComponentsRegistrationGranularity:10]]
[2023.07.09-01.57.05:652][  0]LogConfig: Setting CVar [[s.UnregisterComponentsTimeLimit:1.0]]
[2023.07.09-01.57.05:652][  0]LogConfig: Setting CVar [[s.LevelStreamingComponentsUnregistrationGranularity:5]]
[2023.07.09-01.57.05:652][  0]LogConfig: Setting CVar [[s.FlushStreamingOnExit:1]]
[2023.07.09-01.57.05:652][  0]LogConfig: Applying CVar settings from Section [/Script/Engine.GarbageCollectionSettings] File [C:/Users/Timothy Hurley/Desktop/GitGood/take-the-complement/TakeComplement_Proj 4.27/Saved/Config/Windows/Engine.ini]
[2023.07.09-01.57.05:652][  0]LogConfig: Setting CVar [[gc.MaxObjectsNotConsideredByGC:1]]
[2023.07.09-01.57.05:652][  0]LogConfig: Setting CVar [[gc.SizeOfPermanentObjectPool:0]]
[2023.07.09-01.57.05:652][  0]LogConfig: Setting CVar [[gc.FlushStreamingOnGC:0]]
[2023.07.09-01.57.05:652][  0]LogConfig: Setting CVar [[gc.NumRetriesBeforeForcingGC:10]]
[2023.07.09-01.57.05:652][  0]LogConfig: Setting CVar [[gc.AllowParallelGC:1]]
[2023.07.09-01.57.05:652][  0]LogConfig: Setting CVar [[gc.TimeBetweenPurgingPendingKillObjects:61.1]]
[2023.07.09-01.57.05:652][  0]LogConfig: Setting CVar [[gc.MaxObjectsInEditor:25165824]]
[2023.07.09-01.57.05:652][  0]LogConfig: Setting CVar [[gc.IncrementalBeginDestroyEnabled:1]]
[2023.07.09-01.57.05:652][  0]LogConfig: Setting CVar [[gc.CreateGCClusters:1]]
[2023.07.09-01.57.05:652][  0]LogConfig: Setting CVar [[gc.MinGCClusterSize:5]]
[2023.07.09-01.57.05:652][  0]LogConfig: Setting CVar [[gc.ActorClusteringEnabled:0]]
[2023.07.09-01.57.05:652][  0]LogConfig: Setting CVar [[gc.BlueprintClusteringEnabled:0]]
[2023.07.09-01.57.05:652][  0]LogConfig: Setting CVar [[gc.UseDisregardForGCOnDedicatedServers:0]]
[2023.07.09-01.57.05:652][  0]LogConfig: Setting CVar [[gc.MultithreadedDestructionEnabled:1]]
[2023.07.09-01.57.05:652][  0]LogConfig: Applying CVar settings from Section [/Script/Engine.NetworkSettings] File [C:/Users/Timothy Hurley/Desktop/GitGood/take-the-complement/TakeComplement_Proj 4.27/Saved/Config/Windows/Engine.ini]
[2023.07.09-01.57.05:652][  0]LogConfig: Applying CVar settings from Section [/Script/UnrealEd.CookerSettings] File [C:/Users/Timothy Hurley/Desktop/GitGood/take-the-complement/TakeComplement_Proj 4.27/Saved/Config/Windows/Engine.ini]
[2023.07.09-01.57.05:672][  0]LogConfig: Applying CVar settings from Section [ViewDistanceQuality@3] File [C:/Users/Timothy Hurley/Desktop/GitGood/take-the-complement/TakeComplement_Proj 4.27/Saved/Config/Windows/Scalability.ini]
[2023.07.09-01.57.05:672][  0]LogConfig: Setting CVar [[r.SkeletalMeshLODBias:0]]
[2023.07.09-01.57.05:672][  0]LogConfig: Setting CVar [[r.ViewDistanceScale:1.0]]
[2023.07.09-01.57.05:672][  0]LogConfig: Applying CVar settings from Section [AntiAliasingQuality@3] File [C:/Users/Timothy Hurley/Desktop/GitGood/take-the-complement/TakeComplement_Proj 4.27/Saved/Config/Windows/Scalability.ini]
[2023.07.09-01.57.05:672][  0]LogConfig: Setting CVar [[r.PostProcessAAQuality:4]]
[2023.07.09-01.57.05:672][  0]LogConfig: Applying CVar settings from Section [ShadowQuality@3] File [C:/Users/Timothy Hurley/Desktop/GitGood/take-the-complement/TakeComplement_Proj 4.27/Saved/Config/Windows/Scalability.ini]
[2023.07.09-01.57.05:672][  0]LogConfig: Setting CVar [[r.LightFunctionQuality:1]]
[2023.07.09-01.57.05:672][  0]LogConfig: Setting CVar [[r.ShadowQuality:5]]
[2023.07.09-01.57.05:672][  0]LogConfig: Setting CVar [[r.Shadow.CSM.MaxCascades:10]]
[2023.07.09-01.57.05:672][  0]LogConfig: Setting CVar [[r.Shadow.MaxResolution:2048]]
[2023.07.09-01.57.05:672][  0]LogConfig: Setting CVar [[r.Shadow.MaxCSMResolution:2048]]
[2023.07.09-01.57.05:672][  0]LogConfig: Setting CVar [[r.Shadow.RadiusThreshold:0.01]]
[2023.07.09-01.57.05:672][  0]LogConfig: Setting CVar [[r.Shadow.DistanceScale:1.0]]
[2023.07.09-01.57.05:672][  0]LogConfig: Setting CVar [[r.Shadow.CSM.TransitionScale:1.0]]
[2023.07.09-01.57.05:672][  0]LogConfig: Setting CVar [[r.Shadow.PreShadowResolutionFactor:1.0]]
[2023.07.09-01.57.05:672][  0]LogConfig: Setting CVar [[r.DistanceFieldShadowing:1]]
[2023.07.09-01.57.05:672][  0]LogConfig: Setting CVar [[r.DistanceFieldAO:1]]
[2023.07.09-01.57.05:672][  0]LogConfig: Setting CVar [[r.AOQuality:2]]
[2023.07.09-01.57.05:672][  0]LogConfig: Setting CVar [[r.VolumetricFog:1]]
[2023.07.09-01.57.05:672][  0]LogConfig: Setting CVar [[r.VolumetricFog.GridPixelSize:8]]
[2023.07.09-01.57.05:672][  0]LogConfig: Setting CVar [[r.VolumetricFog.GridSizeZ:128]]
[2023.07.09-01.57.05:672][  0]LogConfig: Setting CVar [[r.VolumetricFog.HistoryMissSupersampleCount:4]]
[2023.07.09-01.57.05:672][  0]LogConfig: Setting CVar [[r.LightMaxDrawDistanceScale:1]]
[2023.07.09-01.57.05:672][  0]LogConfig: Setting CVar [[r.CapsuleShadows:1]]
[2023.07.09-01.57.05:672][  0]LogConfig: Applying CVar settings from Section [PostProcessQuality@3] File [C:/Users/Timothy Hurley/Desktop/GitGood/take-the-complement/TakeComplement_Proj 4.27/Saved/Config/Windows/Scalability.ini]
[2023.07.09-01.57.05:672][  0]LogConfig: Setting CVar [[r.MotionBlurQuality:4]]
[2023.07.09-01.57.05:672][  0]LogConfig: Setting CVar [[r.AmbientOcclusionMipLevelFactor:0.4]]
[2023.07.09-01.57.05:672][  0]LogConfig: Setting CVar [[r.AmbientOcclusionMaxQuality:100]]
[2023.07.09-01.57.05:672][  0]LogConfig: Setting CVar [[r.AmbientOcclusionLevels:-1]]
[2023.07.09-01.57.05:672][  0]LogConfig: Setting CVar [[r.AmbientOcclusionRadiusScale:1.0]]
[2023.07.09-01.57.05:672][  0]LogConfig: Setting CVar [[r.DepthOfFieldQuality:2]]
[2023.07.09-01.57.05:672][  0]LogConfig: Setting CVar [[r.RenderTargetPoolMin:400]]
[2023.07.09-01.57.05:672][  0]LogConfig: Setting CVar [[r.LensFlareQuality:2]]
[2023.07.09-01.57.05:672][  0]LogConfig: Setting CVar [[r.SceneColorFringeQuality:1]]
[2023.07.09-01.57.05:672][  0]LogConfig: Setting CVar [[r.EyeAdaptationQuality:2]]
[2023.07.09-01.57.05:672][  0]LogConfig: Setting CVar [[r.BloomQuality:5]]
[2023.07.09-01.57.05:672][  0]LogConfig: Setting CVar [[r.FastBlurThreshold:100]]
[2023.07.09-01.57.05:672][  0]LogConfig: Setting CVar [[r.Upscale.Quality:3]]
[2023.07.09-01.57.05:672][  0]LogConfig: Setting CVar [[r.Tonemapper.GrainQuantization:1]]
[2023.07.09-01.57.05:672][  0]LogConfig: Setting CVar [[r.LightShaftQuality:1]]
[2023.07.09-01.57.05:672][  0]LogConfig: Setting CVar [[r.Filter.SizeScale:1]]
[2023.07.09-01.57.05:672][  0]LogConfig: Setting CVar [[r.Tonemapper.Quality:5]]
[2023.07.09-01.57.05:672][  0]LogConfig: Setting CVar [[r.DOF.Gather.AccumulatorQuality:1        ; higher gathering accumulator quality]]
[2023.07.09-01.57.05:672][  0]LogConfig: Setting CVar [[r.DOF.Gather.PostfilterMethod:1          ; Median3x3 postfilering method]]
[2023.07.09-01.57.05:672][  0]LogConfig: Setting CVar [[r.DOF.Gather.EnableBokehSettings:0       ; no bokeh simulation when gathering]]
[2023.07.09-01.57.05:672][  0]LogConfig: Setting CVar [[r.DOF.Gather.RingCount:4                 ; medium number of samples when gathering]]
[2023.07.09-01.57.05:672][  0]LogConfig: Setting CVar [[r.DOF.Scatter.ForegroundCompositing:1    ; additive foreground scattering]]
[2023.07.09-01.57.05:672][  0]LogConfig: Setting CVar [[r.DOF.Scatter.BackgroundCompositing:2    ; additive background scattering]]
[2023.07.09-01.57.05:672][  0]LogConfig: Setting CVar [[r.DOF.Scatter.EnableBokehSettings:1      ; bokeh simulation when scattering]]
[2023.07.09-01.57.05:672][  0]LogConfig: Setting CVar [[r.DOF.Scatter.MaxSpriteRatio:0.1         ; only a maximum of 10% of scattered bokeh]]
[2023.07.09-01.57.05:672][  0]LogConfig: Setting CVar [[r.DOF.Recombine.Quality:1                ; cheap slight out of focus]]
[2023.07.09-01.57.05:672][  0]LogConfig: Setting CVar [[r.DOF.Recombine.EnableBokehSettings:0    ; no bokeh simulation on slight out of focus]]
[2023.07.09-01.57.05:672][  0]LogConfig: Setting CVar [[r.DOF.TemporalAAQuality:1                ; more stable temporal accumulation]]
[2023.07.09-01.57.05:672][  0]LogConfig: Setting CVar [[r.DOF.Kernel.MaxForegroundRadius:0.025]]
[2023.07.09-01.57.05:672][  0]LogConfig: Setting CVar [[r.DOF.Kernel.MaxBackgroundRadius:0.025]]
[2023.07.09-01.57.05:672][  0]LogConfig: Applying CVar settings from Section [TextureQuality@3] File [C:/Users/Timothy Hurley/Desktop/GitGood/take-the-complement/TakeComplement_Proj 4.27/Saved/Config/Windows/Scalability.ini]
[2023.07.09-01.57.05:672][  0]LogConfig: Setting CVar [[r.Streaming.MipBias:0]]
[2023.07.09-01.57.05:672][  0]LogConfig: Setting CVar [[r.Streaming.AmortizeCPUToGPUCopy:0]]
[2023.07.09-01.57.05:672][  0]LogConfig: Setting CVar [[r.Streaming.MaxNumTexturesToStreamPerFrame:0]]
[2023.07.09-01.57.05:672][  0]LogConfig: Setting CVar [[r.Streaming.Boost:1]]
[2023.07.09-01.57.05:672][  0]LogConfig: Setting CVar [[r.MaxAnisotropy:8]]
[2023.07.09-01.57.05:672][  0]LogConfig: Setting CVar [[r.VT.MaxAnisotropy:8]]
[2023.07.09-01.57.05:673][  0]LogConfig: Setting CVar [[r.Streaming.LimitPoolSizeToVRAM:0]]
[2023.07.09-01.57.05:673][  0]LogConfig: Setting CVar [[r.Streaming.PoolSize:1000]]
[2023.07.09-01.57.05:673][  0]LogConfig: Setting CVar [[r.Streaming.MaxEffectiveScreenSize:0]]
[2023.07.09-01.57.05:673][  0]LogConfig: Applying CVar settings from Section [EffectsQuality@3] File [C:/Users/Timothy Hurley/Desktop/GitGood/take-the-complement/TakeComplement_Proj 4.27/Saved/Config/Windows/Scalability.ini]
[2023.07.09-01.57.05:673][  0]LogConfig: Setting CVar [[r.TranslucencyLightingVolumeDim:64]]
[2023.07.09-01.57.05:673][  0]LogConfig: Setting CVar [[r.RefractionQuality:2]]
[2023.07.09-01.57.05:673][  0]LogConfig: Setting CVar [[r.SSR.Quality:3]]
[2023.07.09-01.57.05:673][  0]LogConfig: Setting CVar [[r.SSR.HalfResSceneColor:0]]
[2023.07.09-01.57.05:673][  0]LogConfig: Setting CVar [[r.SceneColorFormat:4]]
[2023.07.09-01.57.05:673][  0]LogConfig: Setting CVar [[r.DetailMode:2]]
[2023.07.09-01.57.05:673][  0]LogConfig: Setting CVar [[r.TranslucencyVolumeBlur:1]]
[2023.07.09-01.57.05:673][  0]LogConfig: Setting CVar [[r.MaterialQualityLevel:1 ; High quality]]
[2023.07.09-01.57.05:673][  0]LogConfig: Setting CVar [[r.AnisotropicMaterials:1]]
[2023.07.09-01.57.05:673][  0]LogConfig: Setting CVar [[r.SSS.Scale:1]]
[2023.07.09-01.57.05:673][  0]LogConfig: Setting CVar [[r.SSS.SampleSet:2]]
[2023.07.09-01.57.05:673][  0]LogConfig: Setting CVar [[r.SSS.Quality:1]]
[2023.07.09-01.57.05:673][  0]LogConfig: Setting CVar [[r.SSS.HalfRes:0]]
[2023.07.09-01.57.05:673][  0]LogConfig: Setting CVar [[r.SSGI.Quality:3]]
[2023.07.09-01.57.05:673][  0]LogConfig: Setting CVar [[r.EmitterSpawnRateScale:1.0]]
[2023.07.09-01.57.05:673][  0]LogConfig: Setting CVar [[r.ParticleLightQuality:2]]
[2023.07.09-01.57.05:673][  0]LogConfig: Setting CVar [[r.SkyAtmosphere.AerialPerspectiveLUT.FastApplyOnOpaque:1 ; Always have FastSkyLUT 1 in this case to avoid wrong sky]]
[2023.07.09-01.57.05:673][  0]LogConfig: Setting CVar [[r.SkyAtmosphere.AerialPerspectiveLUT.SampleCountMaxPerSlice:4]]
[2023.07.09-01.57.05:673][  0]LogConfig: Setting CVar [[r.SkyAtmosphere.AerialPerspectiveLUT.DepthResolution:16.0]]
[2023.07.09-01.57.05:673][  0]LogConfig: Setting CVar [[r.SkyAtmosphere.FastSkyLUT:1]]
[2023.07.09-01.57.05:673][  0]LogConfig: Setting CVar [[r.SkyAtmosphere.FastSkyLUT.SampleCountMin:4.0]]
[2023.07.09-01.57.05:673][  0]LogConfig: Setting CVar [[r.SkyAtmosphere.FastSkyLUT.SampleCountMax:128.0]]
[2023.07.09-01.57.05:673][  0]LogConfig: Setting CVar [[r.SkyAtmosphere.SampleCountMin:4.0]]
[2023.07.09-01.57.05:673][  0]LogConfig: Setting CVar [[r.SkyAtmosphere.SampleCountMax:128.0]]
[2023.07.09-01.57.05:673][  0]LogConfig: Setting CVar [[r.SkyAtmosphere.TransmittanceLUT.UseSmallFormat:0]]
[2023.07.09-01.57.05:673][  0]LogConfig: Setting CVar [[r.SkyAtmosphere.TransmittanceLUT.SampleCount:10.0]]
[2023.07.09-01.57.05:673][  0]LogConfig: Setting CVar [[r.SkyAtmosphere.MultiScatteringLUT.SampleCount:15.0]]
[2023.07.09-01.57.05:673][  0]LogConfig: Setting CVar [[r.SkyLight.RealTimeReflectionCapture:1]]
[2023.07.09-01.57.05:673][  0]LogConfig: Applying CVar settings from Section [FoliageQuality@3] File [C:/Users/Timothy Hurley/Desktop/GitGood/take-the-complement/TakeComplement_Proj 4.27/Saved/Config/Windows/Scalability.ini]
[2023.07.09-01.57.05:673][  0]LogConfig: Setting CVar [[foliage.DensityScale:1.0]]
[2023.07.09-01.57.05:673][  0]LogConfig: Setting CVar [[grass.DensityScale:1.0]]
[2023.07.09-01.57.05:673][  0]LogConfig: Applying CVar settings from Section [ShadingQuality@3] File [C:/Users/Timothy Hurley/Desktop/GitGood/take-the-complement/TakeComplement_Proj 4.27/Saved/Config/Windows/Scalability.ini]
[2023.07.09-01.57.05:673][  0]LogConfig: Setting CVar [[r.HairStrands.SkyLighting.IntegrationType:2]]
[2023.07.09-01.57.05:673][  0]LogConfig: Setting CVar [[r.HairStrands.SkyAO.SampleCount:4]]
[2023.07.09-01.57.05:673][  0]LogConfig: Setting CVar [[r.HairStrands.Visibility.MSAA.SamplePerPixel:4]]
[2023.07.09-01.57.05:673][  0]LogInit: Selected Device Profile: [Windows]
[2023.07.09-01.57.05:673][  0]LogInit: Applying CVar settings loaded from the selected device profile: [Windows]
[2023.07.09-01.57.05:673][  0]LogHAL: Display: Platform has ~ 32 GB [34289233920 / 34359738368 / 32], which maps to Largest [LargestMinGB=32, LargerMinGB=12, DefaultMinGB=8, SmallerMinGB=6, SmallestMinGB=0)
[2023.07.09-01.57.05:673][  0]LogInit: Going up to parent DeviceProfile []
[2023.07.09-01.57.05:673][  0]LogConfig: Applying CVar settings from Section [ViewDistanceQuality@3] File [C:/Users/Timothy Hurley/Desktop/GitGood/take-the-complement/TakeComplement_Proj 4.27/Saved/Config/Windows/Scalability.ini]
[2023.07.09-01.57.05:673][  0]LogConfig: Setting CVar [[r.SkeletalMeshLODBias:0]]
[2023.07.09-01.57.05:673][  0]LogConfig: Setting CVar [[r.ViewDistanceScale:1.0]]
[2023.07.09-01.57.05:673][  0]LogConfig: Applying CVar settings from Section [AntiAliasingQuality@3] File [C:/Users/Timothy Hurley/Desktop/GitGood/take-the-complement/TakeComplement_Proj 4.27/Saved/Config/Windows/Scalability.ini]
[2023.07.09-01.57.05:673][  0]LogConfig: Setting CVar [[r.PostProcessAAQuality:4]]
[2023.07.09-01.57.05:673][  0]LogConfig: Applying CVar settings from Section [ShadowQuality@3] File [C:/Users/Timothy Hurley/Desktop/GitGood/take-the-complement/TakeComplement_Proj 4.27/Saved/Config/Windows/Scalability.ini]
[2023.07.09-01.57.05:673][  0]LogConfig: Setting CVar [[r.LightFunctionQuality:1]]
[2023.07.09-01.57.05:673][  0]LogConfig: Setting CVar [[r.ShadowQuality:5]]
[2023.07.09-01.57.05:673][  0]LogConfig: Setting CVar [[r.Shadow.CSM.MaxCascades:10]]
[2023.07.09-01.57.05:673][  0]LogConfig: Setting CVar [[r.Shadow.MaxResolution:2048]]
[2023.07.09-01.57.05:673][  0]LogConfig: Setting CVar [[r.Shadow.MaxCSMResolution:2048]]
[2023.07.09-01.57.05:673][  0]LogConfig: Setting CVar [[r.Shadow.RadiusThreshold:0.01]]
[2023.07.09-01.57.05:673][  0]LogConfig: Setting CVar [[r.Shadow.DistanceScale:1.0]]
[2023.07.09-01.57.05:673][  0]LogConfig: Setting CVar [[r.Shadow.CSM.TransitionScale:1.0]]
[2023.07.09-01.57.05:673][  0]LogConfig: Setting CVar [[r.Shadow.PreShadowResolutionFactor:1.0]]
[2023.07.09-01.57.05:673][  0]LogConfig: Setting CVar [[r.DistanceFieldShadowing:1]]
[2023.07.09-01.57.05:673][  0]LogConfig: Setting CVar [[r.DistanceFieldAO:1]]
[2023.07.09-01.57.05:673][  0]LogConfig: Setting CVar [[r.AOQuality:2]]
[2023.07.09-01.57.05:673][  0]LogConfig: Setting CVar [[r.VolumetricFog:1]]
[2023.07.09-01.57.05:673][  0]LogConfig: Setting CVar [[r.VolumetricFog.GridPixelSize:8]]
[2023.07.09-01.57.05:673][  0]LogConfig: Setting CVar [[r.VolumetricFog.GridSizeZ:128]]
[2023.07.09-01.57.05:673][  0]LogConfig: Setting CVar [[r.VolumetricFog.HistoryMissSupersampleCount:4]]
[2023.07.09-01.57.05:673][  0]LogConfig: Setting CVar [[r.LightMaxDrawDistanceScale:1]]
[2023.07.09-01.57.05:673][  0]LogConfig: Setting CVar [[r.CapsuleShadows:1]]
[2023.07.09-01.57.05:673][  0]LogConfig: Applying CVar settings from Section [PostProcessQuality@3] File [C:/Users/Timothy Hurley/Desktop/GitGood/take-the-complement/TakeComplement_Proj 4.27/Saved/Config/Windows/Scalability.ini]
[2023.07.09-01.57.05:673][  0]LogConfig: Setting CVar [[r.MotionBlurQuality:4]]
[2023.07.09-01.57.05:673][  0]LogConfig: Setting CVar [[r.AmbientOcclusionMipLevelFactor:0.4]]
[2023.07.09-01.57.05:673][  0]LogConfig: Setting CVar [[r.AmbientOcclusionMaxQuality:100]]
[2023.07.09-01.57.05:673][  0]LogConfig: Setting CVar [[r.AmbientOcclusionLevels:-1]]
[2023.07.09-01.57.05:673][  0]LogConfig: Setting CVar [[r.AmbientOcclusionRadiusScale:1.0]]
[2023.07.09-01.57.05:673][  0]LogConfig: Setting CVar [[r.DepthOfFieldQuality:2]]
[2023.07.09-01.57.05:673][  0]LogConfig: Setting CVar [[r.RenderTargetPoolMin:400]]
[2023.07.09-01.57.05:673][  0]LogConfig: Setting CVar [[r.LensFlareQuality:2]]
[2023.07.09-01.57.05:673][  0]LogConfig: Setting CVar [[r.SceneColorFringeQuality:1]]
[2023.07.09-01.57.05:673][  0]LogConfig: Setting CVar [[r.EyeAdaptationQuality:2]]
[2023.07.09-01.57.05:673][  0]LogConfig: Setting CVar [[r.BloomQuality:5]]
[2023.07.09-01.57.05:673][  0]LogConfig: Setting CVar [[r.FastBlurThreshold:100]]
[2023.07.09-01.57.05:673][  0]LogConfig: Setting CVar [[r.Upscale.Quality:3]]
[2023.07.09-01.57.05:673][  0]LogConfig: Setting CVar [[r.Tonemapper.GrainQuantization:1]]
[2023.07.09-01.57.05:673][  0]LogConfig: Setting CVar [[r.LightShaftQuality:1]]
[2023.07.09-01.57.05:673][  0]LogConfig: Setting CVar [[r.Filter.SizeScale:1]]
[2023.07.09-01.57.05:673][  0]LogConfig: Setting CVar [[r.Tonemapper.Quality:5]]
[2023.07.09-01.57.05:673][  0]LogConfig: Setting CVar [[r.DOF.Gather.AccumulatorQuality:1        ; higher gathering accumulator quality]]
[2023.07.09-01.57.05:673][  0]LogConfig: Setting CVar [[r.DOF.Gather.PostfilterMethod:1          ; Median3x3 postfilering method]]
[2023.07.09-01.57.05:673][  0]LogConfig: Setting CVar [[r.DOF.Gather.EnableBokehSettings:0       ; no bokeh simulation when gathering]]
[2023.07.09-01.57.05:673][  0]LogConfig: Setting CVar [[r.DOF.Gather.RingCount:4                 ; medium number of samples when gathering]]
[2023.07.09-01.57.05:673][  0]LogConfig: Setting CVar [[r.DOF.Scatter.ForegroundCompositing:1    ; additive foreground scattering]]
[2023.07.09-01.57.05:673][  0]LogConfig: Setting CVar [[r.DOF.Scatter.BackgroundCompositing:2    ; additive background scattering]]
[2023.07.09-01.57.05:673][  0]LogConfig: Setting CVar [[r.DOF.Scatter.EnableBokehSettings:1      ; bokeh simulation when scattering]]
[2023.07.09-01.57.05:673][  0]LogConfig: Setting CVar [[r.DOF.Scatter.MaxSpriteRatio:0.1         ; only a maximum of 10% of scattered bokeh]]
[2023.07.09-01.57.05:673][  0]LogConfig: Setting CVar [[r.DOF.Recombine.Quality:1                ; cheap slight out of focus]]
[2023.07.09-01.57.05:673][  0]LogConfig: Setting CVar [[r.DOF.Recombine.EnableBokehSettings:0    ; no bokeh simulation on slight out of focus]]
[2023.07.09-01.57.05:673][  0]LogConfig: Setting CVar [[r.DOF.TemporalAAQuality:1                ; more stable temporal accumulation]]
[2023.07.09-01.57.05:673][  0]LogConfig: Setting CVar [[r.DOF.Kernel.MaxForegroundRadius:0.025]]
[2023.07.09-01.57.05:673][  0]LogConfig: Setting CVar [[r.DOF.Kernel.MaxBackgroundRadius:0.025]]
[2023.07.09-01.57.05:673][  0]LogConfig: Applying CVar settings from Section [TextureQuality@3] File [C:/Users/Timothy Hurley/Desktop/GitGood/take-the-complement/TakeComplement_Proj 4.27/Saved/Config/Windows/Scalability.ini]
[2023.07.09-01.57.05:673][  0]LogConfig: Setting CVar [[r.Streaming.MipBias:0]]
[2023.07.09-01.57.05:673][  0]LogConfig: Setting CVar [[r.Streaming.AmortizeCPUToGPUCopy:0]]
[2023.07.09-01.57.05:673][  0]LogConfig: Setting CVar [[r.Streaming.MaxNumTexturesToStreamPerFrame:0]]
[2023.07.09-01.57.05:673][  0]LogConfig: Setting CVar [[r.Streaming.Boost:1]]
[2023.07.09-01.57.05:673][  0]LogConfig: Setting CVar [[r.MaxAnisotropy:8]]
[2023.07.09-01.57.05:673][  0]LogConfig: Setting CVar [[r.VT.MaxAnisotropy:8]]
[2023.07.09-01.57.05:673][  0]LogConfig: Setting CVar [[r.Streaming.LimitPoolSizeToVRAM:0]]
[2023.07.09-01.57.05:673][  0]LogConfig: Setting CVar [[r.Streaming.PoolSize:1000]]
[2023.07.09-01.57.05:674][  0]LogConfig: Setting CVar [[r.Streaming.MaxEffectiveScreenSize:0]]
[2023.07.09-01.57.05:674][  0]LogConfig: Applying CVar settings from Section [EffectsQuality@3] File [C:/Users/Timothy Hurley/Desktop/GitGood/take-the-complement/TakeComplement_Proj 4.27/Saved/Config/Windows/Scalability.ini]
[2023.07.09-01.57.05:674][  0]LogConfig: Setting CVar [[r.TranslucencyLightingVolumeDim:64]]
[2023.07.09-01.57.05:674][  0]LogConfig: Setting CVar [[r.RefractionQuality:2]]
[2023.07.09-01.57.05:674][  0]LogConfig: Setting CVar [[r.SSR.Quality:3]]
[2023.07.09-01.57.05:674][  0]LogConfig: Setting CVar [[r.SSR.HalfResSceneColor:0]]
[2023.07.09-01.57.05:674][  0]LogConfig: Setting CVar [[r.SceneColorFormat:4]]
[2023.07.09-01.57.05:674][  0]LogConfig: Setting CVar [[r.DetailMode:2]]
[2023.07.09-01.57.05:674][  0]LogConfig: Setting CVar [[r.TranslucencyVolumeBlur:1]]
[2023.07.09-01.57.05:674][  0]LogConfig: Setting CVar [[r.MaterialQualityLevel:1 ; High quality]]
[2023.07.09-01.57.05:674][  0]LogConfig: Setting CVar [[r.AnisotropicMaterials:1]]
[2023.07.09-01.57.05:674][  0]LogConfig: Setting CVar [[r.SSS.Scale:1]]
[2023.07.09-01.57.05:674][  0]LogConfig: Setting CVar [[r.SSS.SampleSet:2]]
[2023.07.09-01.57.05:674][  0]LogConfig: Setting CVar [[r.SSS.Quality:1]]
[2023.07.09-01.57.05:674][  0]LogConfig: Setting CVar [[r.SSS.HalfRes:0]]
[2023.07.09-01.57.05:674][  0]LogConfig: Setting CVar [[r.SSGI.Quality:3]]
[2023.07.09-01.57.05:674][  0]LogConfig: Setting CVar [[r.EmitterSpawnRateScale:1.0]]
[2023.07.09-01.57.05:674][  0]LogConfig: Setting CVar [[r.ParticleLightQuality:2]]
[2023.07.09-01.57.05:674][  0]LogConfig: Setting CVar [[r.SkyAtmosphere.AerialPerspectiveLUT.FastApplyOnOpaque:1 ; Always have FastSkyLUT 1 in this case to avoid wrong sky]]
[2023.07.09-01.57.05:674][  0]LogConfig: Setting CVar [[r.SkyAtmosphere.AerialPerspectiveLUT.SampleCountMaxPerSlice:4]]
[2023.07.09-01.57.05:674][  0]LogConfig: Setting CVar [[r.SkyAtmosphere.AerialPerspectiveLUT.DepthResolution:16.0]]
[2023.07.09-01.57.05:674][  0]LogConfig: Setting CVar [[r.SkyAtmosphere.FastSkyLUT:1]]
[2023.07.09-01.57.05:674][  0]LogConfig: Setting CVar [[r.SkyAtmosphere.FastSkyLUT.SampleCountMin:4.0]]
[2023.07.09-01.57.05:674][  0]LogConfig: Setting CVar [[r.SkyAtmosphere.FastSkyLUT.SampleCountMax:128.0]]
[2023.07.09-01.57.05:674][  0]LogConfig: Setting CVar [[r.SkyAtmosphere.SampleCountMin:4.0]]
[2023.07.09-01.57.05:674][  0]LogConfig: Setting CVar [[r.SkyAtmosphere.SampleCountMax:128.0]]
[2023.07.09-01.57.05:674][  0]LogConfig: Setting CVar [[r.SkyAtmosphere.TransmittanceLUT.UseSmallFormat:0]]
[2023.07.09-01.57.05:674][  0]LogConfig: Setting CVar [[r.SkyAtmosphere.TransmittanceLUT.SampleCount:10.0]]
[2023.07.09-01.57.05:674][  0]LogConfig: Setting CVar [[r.SkyAtmosphere.MultiScatteringLUT.SampleCount:15.0]]
[2023.07.09-01.57.05:674][  0]LogConfig: Setting CVar [[r.SkyLight.RealTimeReflectionCapture:1]]
[2023.07.09-01.57.05:674][  0]LogConfig: Applying CVar settings from Section [FoliageQuality@3] File [C:/Users/Timothy Hurley/Desktop/GitGood/take-the-complement/TakeComplement_Proj 4.27/Saved/Config/Windows/Scalability.ini]
[2023.07.09-01.57.05:674][  0]LogConfig: Setting CVar [[foliage.DensityScale:1.0]]
[2023.07.09-01.57.05:674][  0]LogConfig: Setting CVar [[grass.DensityScale:1.0]]
[2023.07.09-01.57.05:674][  0]LogConfig: Applying CVar settings from Section [ShadingQuality@3] File [C:/Users/Timothy Hurley/Desktop/GitGood/take-the-complement/TakeComplement_Proj 4.27/Saved/Config/Windows/Scalability.ini]
[2023.07.09-01.57.05:674][  0]LogConfig: Setting CVar [[r.HairStrands.SkyLighting.IntegrationType:2]]
[2023.07.09-01.57.05:674][  0]LogConfig: Setting CVar [[r.HairStrands.SkyAO.SampleCount:4]]
[2023.07.09-01.57.05:674][  0]LogConfig: Setting CVar [[r.HairStrands.Visibility.MSAA.SamplePerPixel:4]]
[2023.07.09-01.57.05:674][  0]LogConfig: Applying CVar settings from Section [Startup] File [../../../Engine/Config/ConsoleVariables.ini]
[2023.07.09-01.57.05:674][  0]LogConfig: Setting CVar [[net.UseAdaptiveNetUpdateFrequency:0]]
[2023.07.09-01.57.05:674][  0]LogConfig: Setting CVar [[p.chaos.AllowCreatePhysxBodies:1]]
[2023.07.09-01.57.05:674][  0]LogConfig: Setting CVar [[fx.SkipVectorVMBackendOptimizations:1]]
[2023.07.09-01.57.05:674][  0]LogConfig: Applying CVar settings from Section [ConsoleVariables] File [C:/Users/Timothy Hurley/Desktop/GitGood/take-the-complement/TakeComplement_Proj 4.27/Saved/Config/Windows/Engine.ini]
[2023.07.09-01.57.05:674][  0]LogConfig: Applying CVar settings from Section [ConsoleVariables] File [C:/Users/Timothy Hurley/Desktop/GitGood/take-the-complement/TakeComplement_Proj 4.27/Saved/Config/Windows/Editor.ini]
[2023.07.09-01.57.05:674][  0]LogInit: Computer: DESKTOP-OAIE35C
[2023.07.09-01.57.05:674][  0]LogInit: User: TimothyHurley
[2023.07.09-01.57.05:674][  0]LogInit: CPU Page size=4096, Cores=8
[2023.07.09-01.57.05:674][  0]LogInit: High frequency timer resolution =10.000000 MHz
[2023.07.09-01.57.05:674][  0]LogMemory: Memory total: Physical=31.9GB (32GB approx)
[2023.07.09-01.57.05:674][  0]LogMemory: Platform Memory Stats for Windows
[2023.07.09-01.57.05:674][  0]LogMemory: Process Physical Memory: 151.30 MB used, 155.81 MB peak
[2023.07.09-01.57.05:674][  0]LogMemory: Process Virtual Memory: 125.29 MB used, 125.29 MB peak
[2023.07.09-01.57.05:674][  0]LogMemory: Physical Memory: 7240.51 MB used,  25460.25 MB free, 32700.76 MB total
[2023.07.09-01.57.05:674][  0]LogMemory: Virtual Memory: 134190408.00 MB used,  27315.99 MB free, 134217728.00 MB total
[2023.07.09-01.57.05:678][  0]LogWindows: WindowsPlatformFeatures enabled
[2023.07.09-01.57.05:707][  0]LogInit: Physics initialised using underlying interface: PhysX
[2023.07.09-01.57.05:707][  0]LogInit: Using OS detected language (en-GB).
[2023.07.09-01.57.05:707][  0]LogInit: Using OS detected locale (en-AU).
[2023.07.09-01.57.05:710][  0]LogTextLocalizationManager: No specific localization for 'en-GB' exists, so the 'en' localization will be used.
[2023.07.09-01.57.05:867][  0]LogWindowsTextInputMethodSystem: Display: IME system deactivated.
[2023.07.09-01.57.05:899][  0]LogSlate: New Slate User Created.  User Index 0, Is Virtual User: 0
[2023.07.09-01.57.05:899][  0]LogSlate: Slate User Registered.  User Index 0, Is Virtual User: 0
[2023.07.09-01.57.05:920][  0]LogD3D11RHI: Loaded GFSDK_Aftermath_Lib.x64.dll
[2023.07.09-01.57.05:962][  0]LogHMD: Failed to initialize OpenVR with code 108
[2023.07.09-01.57.05:962][  0]LogD3D11RHI: D3D11 min allowed feature level: 11_0
[2023.07.09-01.57.05:962][  0]LogD3D11RHI: D3D11 max allowed feature level: 11_0
[2023.07.09-01.57.05:962][  0]LogD3D11RHI: D3D11 adapters:
[2023.07.09-01.57.06:070][  0]LogD3D11RHI:    0. 'NVIDIA GeForce RTX 3060 Ti' (Feature Level 11_0)
[2023.07.09-01.57.06:070][  0]LogD3D11RHI:       8038/0/16350 MB DedicatedVideo/DedicatedSystem/SharedSystem, Outputs:2, VendorId:0x10de
[2023.07.09-01.57.06:071][  0]LogD3D11RHI:    1. 'Microsoft Basic Render Driver' (Feature Level 11_0)
[2023.07.09-01.57.06:071][  0]LogD3D11RHI:       0/0/16350 MB DedicatedVideo/DedicatedSystem/SharedSystem, Outputs:0, VendorId:0x1414
[2023.07.09-01.57.06:072][  0]LogD3D11RHI: Chosen D3D11 Adapter:
[2023.07.09-01.57.06:072][  0]LogD3D11RHI:     Description : NVIDIA GeForce RTX 3060 Ti
[2023.07.09-01.57.06:072][  0]LogD3D11RHI:     VendorId    : 10de
[2023.07.09-01.57.06:072][  0]LogD3D11RHI:     DeviceId    : 2489
[2023.07.09-01.57.06:072][  0]LogD3D11RHI:     SubSysId    : 46633842
[2023.07.09-01.57.06:072][  0]LogD3D11RHI:     Revision    : 00a1
[2023.07.09-01.57.06:072][  0]LogD3D11RHI:     DedicatedVideoMemory : 8428453888 bytes
[2023.07.09-01.57.06:072][  0]LogD3D11RHI:     DedicatedSystemMemory : 0 bytes
[2023.07.09-01.57.06:072][  0]LogD3D11RHI:     SharedSystemMemory : 17144616960 bytes
[2023.07.09-01.57.06:072][  0]LogD3D11RHI:     AdapterLuid : 0 49743
[2023.07.09-01.57.06:075][  0]LogD3D11RHI: Creating new Direct3DDevice
[2023.07.09-01.57.06:075][  0]LogD3D11RHI:     GPU DeviceId: 0x2489 (for the marketing name, search the web for "GPU Device Id")
[2023.07.09-01.57.06:075][  0]LogWindows: EnumDisplayDevices:
[2023.07.09-01.57.06:075][  0]LogWindows:    0. 'NVIDIA GeForce RTX 3060 Ti' (P:0 D:1)
[2023.07.09-01.57.06:075][  0]LogWindows:    1. 'NVIDIA GeForce RTX 3060 Ti' (P:1 D:1)
[2023.07.09-01.57.06:076][  0]LogWindows:    2. 'NVIDIA GeForce RTX 3060 Ti' (P:0 D:0)
[2023.07.09-01.57.06:076][  0]LogWindows:    3. 'NVIDIA GeForce RTX 3060 Ti' (P:0 D:0)
[2023.07.09-01.57.06:076][  0]LogWindows: DebugString: FoundDriverCount:4 
[2023.07.09-01.57.06:076][  0]LogD3D11RHI:     Adapter Name: NVIDIA GeForce RTX 3060 Ti
[2023.07.09-01.57.06:076][  0]LogD3D11RHI:   Driver Version: 531.79 (internal:31.0.15.3179, unified:531.79)
[2023.07.09-01.57.06:076][  0]LogD3D11RHI:      Driver Date: 4-25-2023
[2023.07.09-01.57.06:076][  0]LogRHI: Texture pool is 5626 MB (70% of 8038 MB)
[2023.07.09-01.57.06:076][  0]LogD3D11RHI: Creating D3DDevice using adapter:
[2023.07.09-01.57.06:076][  0]LogD3D11RHI:     Description : NVIDIA GeForce RTX 3060 Ti
[2023.07.09-01.57.06:076][  0]LogD3D11RHI:     VendorId    : 10de
[2023.07.09-01.57.06:076][  0]LogD3D11RHI:     DeviceId    : 2489
[2023.07.09-01.57.06:076][  0]LogD3D11RHI:     SubSysId    : 46633842
[2023.07.09-01.57.06:076][  0]LogD3D11RHI:     Revision    : 00a1
[2023.07.09-01.57.06:076][  0]LogD3D11RHI:     DedicatedVideoMemory : 8428453888 bytes
[2023.07.09-01.57.06:076][  0]LogD3D11RHI:     DedicatedSystemMemory : 0 bytes
[2023.07.09-01.57.06:076][  0]LogD3D11RHI:     SharedSystemMemory : 17144616960 bytes
[2023.07.09-01.57.06:076][  0]LogD3D11RHI:     AdapterLuid : 0 49743
[2023.07.09-01.57.06:149][  0]LogD3D11RHI: RHI has support for 64 bit atomics
[2023.07.09-01.57.06:149][  0]LogD3D11RHI: Async texture creation enabled
[2023.07.09-01.57.06:149][  0]LogD3D11RHI: Array index from any shader is supported
[2023.07.09-01.57.06:150][  0]LogD3D11RHI: HDR output is supported on display 0 (NvId: 0x80061083).
[2023.07.09-01.57.06:167][  0]LogD3D11RHI: GPU Timing Frequency: 1000.000000 (Debug: 2 1)
[2023.07.09-01.57.06:188][  0]LogRHI: GeForceNow SDK initialized: 1
[2023.07.09-01.57.06:394][  0]LogTargetPlatformManager: Display: Loaded TargetPlatform 'WindowsNoEditor'
[2023.07.09-01.57.06:397][  0]LogTargetPlatformManager: Display: Loaded TargetPlatform 'Windows'
[2023.07.09-01.57.06:400][  0]LogTargetPlatformManager: Display: Loaded TargetPlatform 'WindowsClient'
[2023.07.09-01.57.06:403][  0]LogTargetPlatformManager: Display: Loaded TargetPlatform 'WindowsServer'
[2023.07.09-01.57.06:403][  0]LogTargetPlatformManager: Display: Building Assets For Windows
[2023.07.09-01.57.06:407][  0]LogAudioDebug: Display: Lib vorbis DLL was dynamically loaded.
[2023.07.09-01.57.06:428][  0]LogTextureFormatOodle: Display: Oodle Texture 2.9.0 init RDO Off
[2023.07.09-01.57.06:448][  0]LogRendererCore: Ray tracing is disabled. Reason: r.RayTracing=0.
[2023.07.09-01.57.06:448][  0]LogShaderCompilers: Guid format shader working directory is -45 characters bigger than the processId version (../../../../../../Users/Timothy Hurley/Desktop/GitGood/take-the-complement/TakeComplement_Proj 4.27/Intermediate/Shaders/WorkingDirectory/15888/).
[2023.07.09-01.57.06:448][  0]LogShaderCompilers: Cleaned the shader compiler working directory 'C:/Users/Timothy Hurley/AppData/Local/Temp/UnrealShaderWorkingDir/58830658435D3B2BD05B0FA959A0EBD8/'.
[2023.07.09-01.57.06:448][  0]LogXGEController: Cannot use XGE Controller as Incredibuild is not installed on this machine.
[2023.07.09-01.57.06:448][  0]LogShaderCompilers: Cannot use XGE Shader Compiler as Incredibuild is not installed on this machine.
[2023.07.09-01.57.06:448][  0]LogShaderCompilers: Display: Using Local Shader Compiler.
[2023.07.09-01.57.07:031][  0]LogDerivedDataCache: Display: Max Cache Size: 512 MB
[2023.07.09-01.57.07:075][  0]LogDerivedDataCache: Loaded boot cache 0.04s 94MB C:/Users/Timothy Hurley/AppData/Local/UnrealEngine/4.27/DerivedDataCache/Boot.ddc.
[2023.07.09-01.57.07:075][  0]LogDerivedDataCache: Display: Loaded Boot cache: C:/Users/Timothy Hurley/AppData/Local/UnrealEngine/4.27/DerivedDataCache/Boot.ddc
[2023.07.09-01.57.07:075][  0]LogDerivedDataCache: FDerivedDataBackendGraph:  Pak pak cache file ../../../../../../Users/Timothy Hurley/Desktop/GitGood/take-the-complement/TakeComplement_Proj 4.27/DerivedDataCache/DDC.ddp not found, will not use a pak cache.
[2023.07.09-01.57.07:075][  0]LogDerivedDataCache: Unable to find inner node Pak for hierarchical cache Hierarchy.
[2023.07.09-01.57.07:075][  0]LogDerivedDataCache: FDerivedDataBackendGraph:  CompressedPak pak cache file ../../../../../../Users/Timothy Hurley/Desktop/GitGood/take-the-complement/TakeComplement_Proj 4.27/DerivedDataCache/Compressed.ddp not found, will not use a pak cache.
[2023.07.09-01.57.07:075][  0]LogDerivedDataCache: Unable to find inner node CompressedPak for hierarchical cache Hierarchy.
[2023.07.09-01.57.07:087][  0]LogDerivedDataCache: Display: Pak cache opened for reading ../../../Engine/DerivedDataCache/Compressed.ddp.
[2023.07.09-01.57.07:087][  0]LogDerivedDataCache: FDerivedDataBackendGraph:  EnterprisePak pak cache file ../../../Enterprise/DerivedDataCache/Compressed.ddp not found, will not use a pak cache.
[2023.07.09-01.57.07:087][  0]LogDerivedDataCache: Unable to find inner node EnterprisePak for hierarchical cache Hierarchy.
[2023.07.09-01.57.07:093][  0]LogDerivedDataCache: Speed tests for C:/Users/Timothy Hurley/AppData/Local/UnrealEngine/Common/DerivedDataCache took 0.01 seconds
[2023.07.09-01.57.07:093][  0]LogDerivedDataCache: Display: Performance to C:/Users/Timothy Hurley/AppData/Local/UnrealEngine/Common/DerivedDataCache: Latency=0.02ms. RandomReadSpeed=1526.33MBs, RandomWriteSpeed=210.21MBs. Assigned SpeedClass 'Local'
[2023.07.09-01.57.07:093][  0]LogDerivedDataCache: Using Local data cache path C:/Users/Timothy Hurley/AppData/Local/UnrealEngine/Common/DerivedDataCache: Writable
[2023.07.09-01.57.07:094][  0]LogDerivedDataCache: Shared data cache path not found in *engine.ini, will not use an Shared cache.
[2023.07.09-01.57.07:094][  0]LogDerivedDataCache: Unable to find inner node Shared for hierarchical cache Hierarchy.
[2023.07.09-01.57.07:122][  0]LogSlate: Using FreeType 2.10.0
[2023.07.09-01.57.07:122][  0]LogSlate: SlateFontServices - WITH_FREETYPE: 1, WITH_HARFBUZZ: 1
[2023.07.09-01.57.07:176][  0]LogInit: Using OS detected language (en-GB).
[2023.07.09-01.57.07:176][  0]LogInit: Using OS detected locale (en-AU).
[2023.07.09-01.57.07:176][  0]LogTextLocalizationManager: No localization for 'en-GB' exists, so 'en' will be used for the language.
[2023.07.09-01.57.07:176][  0]LogTextLocalizationManager: No localization for 'en-AU' exists, so 'en' will be used for the locale.
[2023.07.09-01.57.07:176][  0]LogSlate: FontCache flush requested. Reason: Culture for localization was changed
[2023.07.09-01.57.07:176][  0]LogSlate: FontCache flush requested. Reason: Culture for localization was changed
[2023.07.09-01.57.07:178][  0]LogTextLocalizationManager: Compacting localization data took   0.00ms
[2023.07.09-01.57.07:178][  0]LogAssetRegistry: FAssetRegistry took 0.0013 seconds to start up
[2023.07.09-01.57.07:299][  0]LogPackageLocalizationCache: Processed 27 localized package path(s) for 1 prioritized culture(s) in 0.000898 seconds
[2023.07.09-01.57.07:351][  0]LogInit: Selected Device Profile: [Windows]
[2023.07.09-01.57.07:351][  0]LogInit: Active device profile: [000001956146ED00][000001955F560A40 49] Windows
[2023.07.09-01.57.07:351][  0]LogInit: Profiles: [000001956146ED00][000001955F560A40 49] Windows, [000001956146C200][000001955F568D00 49] WindowsNoEditor, [000001956146F100][000001955F56CFC0 49] WindowsServer, [000001956146C300][000001955F571280 49] WindowsClient, [0000019561413E00][000001955F575540 49] IOS, [00000195613FC400][000001955F579800 49] iPadAir, [0000019561410400][000001955F57DAC0 49] iPadAir2, [00000195613A5300][000001955B0F4440 49] IPadPro, [00000195613A5400][000001955F564480 49] iPadAir3, [0000019561413F00][000001955F588740 49] iPadAir4, [00000195613A4400][000001955F584A00 49] iPadMini2, [0000019561410300][000001955B0F0CC0 49] iPadMini3, [00000195613A5600][000001955B0F8F80 49] iPadMini4, [0000019561413B00][000001955B0FD240 49] iPadMini5, [00000195613FD700][000001955B111780 49] iPhone6, [00000195613FD800][000001955B1017C0 49] iPodTouch6, [00000195613A7D00][000001955B114140 49] iPhone7, [00000195613A7C00][000001955B108180 49] iPodTouch7, [00000195613FCB00][000001955F580400 49] iPhone5S, [00000195613A4800][000001955B1046C0 49] iPhone6Plus, [00000195613FDD00][000001955B118980 49] iPhone6S, [00000195613A7A00][000001955B11CC40 49] iPhone6SPlus, [00000195613FCE00][000001955B120F00 49] iPhone7Plus, [00000195613A4B00][000001955B1251C0 49] iPhoneSE, [00000195613FF700][000001955B129480 49] iPhone8, [00000195613A5F00][000001955B12D740 49] iPhone8Plus, [00000195613FD600][000001955B131A00 49] iPhoneX, [00000195613A4500][000001955B134140 49] iPhoneXS, [00000195613FE200][000001955B10C3C0 49] iPhoneXSMax, [00000195613A7400][000001955F11C640 49] iPhoneXR, [00000195613FFE00][000001955F124900 49] iPhone11, [00000195613A5900][000001955F128BC0 49] iPhone11Pro, [00000195613FE900][000001955F12CE80 49] iPhone11ProMax, [00000195613A6F00][000001955F131140 49] iPhoneSE2, [00000195613FC700][000001955F135400 49] iPhone12Mini, [00000195613A5700][000001955F1396C0 49] iPhone12, [00000195613FEB00][000001955F13D980 49] iPhone12Pro, [00000195613A6B00][000001955F1400C0 49] iPhone12ProMax, [00000195613FE000][000001955F144380 49] iPadPro105, [00000195613A5E00][000001955F120600 49] iPadPro129, [00000195613FEC00][000001955F148880 49] iPadPro97, [00000195613A4E00][000001955F150B40 49] iPadPro2_129, [00000195613FF500][000001955F154E00 49] iPad5, [00000195613A6100][000001955F1590C0 49] iPad6, [00000195613FCC00][000001955F15D380 49] iPad7, [00000195613A4D00][000001955F161640 49] iPad8, [00000195613FDA00][000001955F165900 49] iPadPro11, [00000195613A5D00][0000019560FDFBC0 49] iPadPro2_11, [00000195613FFC00][0000019560FE2300 49] iPadPro3_129, [00000195613A4100][0000019560FE65C0 49] iPadPro4_129, [00000195613FEA00][000001955F14C840 49] AppleTV, [00000195613A6500][0000019560FEAAC0 49] AppleTV4K, [00000195613FF100][0000019560FF2D80 49] TVOS, [00000195613A6200][0000019560FF7040 49] Mac, [00000195613FD200][0000019560FFB300 49] MacClient, [00000195613A6900][0000019560FFF5C0 49] MacNoEditor, [00000195613FFD00][0000019561003880 49] MacServer, [00000195613A5500][0000019561007B40 49] Linux, [00000195613FDB00][000001956100A280 49] LinuxAArch64, [00000195613A7F00][000001956100E540 49] LinuxNoEditor, [00000195613FC900][0000019561012800 49] LinuxAArch64NoEditor, [00000195613A5200][0000019560FEEA80 49] LinuxClient, [00000195613FCD00][0000019561016D00 49] LinuxAArch64Client, [00000195613A7700][000001956101EFC0 49] LinuxServer, [00000195613FD500][0000019561023280 49] LinuxAArch64Server, [00000195613A7800][0000019561027540 49] Android, [00000195613FDF00][000001956102B800 49] Android_Low, [00000195613A6300][000001956102FAC0 49] Android_Mid, [00000195613FF400][0000019561032200 49] Android_High, [00000195613A6000][00000195610364C0 49] Android_Default, [000001956146E900][000001956103A780 49] Android_Adreno4xx, [0000019561412500][000001956103EA40 49] Android_Adreno5xx_Low, [000001956146D500][000001956101ACC0 49] Android_Adreno5xx, [0000019561411000][0000019561042F40 49] Android_Adreno6xx, [000001956146C100][000001956104B200 49] Android_Adreno6xx_Vulkan, [0000019561412F00][000001956104F4C0 49] Android_Mali_T6xx, [000001956146C900][0000019561053780 49] Android_Mali_T7xx, [0000019561411900][0000019561057A40 49] Android_Mali_T8xx, [000001956146D300][000001956105A180 49] Android_Mali_G71, [0000019561412B00][000001956105E440 49] Android_Mali_G72, [000001956146D900][0000019561062700 49] Android_Mali_G72_Vulkan, [0000019561410B00][00000195610669C0 49] Android_Mali_G76, [000001956146D200][000001956106AC80 49] Android_Mali_G76_Vulkan, [0000019561413A00][0000019561046F00 49] Android_Mali_G77, [000001956146E200][000001956106F180 49] Android_Mali_G77_Vulkan, [0000019561412400][0000019561077440 49] Android_Mali_G78, [000001956146D000][000001956107B700 49] Android_Mali_G78_Vulkan, [0000019561413400][000001956107F9C0 49] Android_Mali_G710, [000001956146D400][0000019561082100 49] Android_Mali_G710_Vulkan, [0000019561411A00][00000195610863C0 49] Android_Vulkan_SM5, [000001956146DF00][000001956108A680 49] Android_PowerVR_G6xxx, [0000019561410700][000001956108E940 49] Android_PowerVR_GT7xxx, [00000195613A6700][0000019561092C00 49] Android_PowerVR_GE8xxx, [00000195613FD300][0000019561096EC0 49] Android_PowerVR_GM9xxx, [00000195613A5800][0000019561073140 49] Android_PowerVR_GM9xxx_Vulkan, [0000019561410100][000001956109B3C0 49] Android_TegraK1, [00000195613A6A00][00000195610A3680 49] Android_Unknown_Vulkan, [0000019561411B00][00000195610A7940 49] Lumin, [000001956146EE00][00000195610ABC00 49] Lumin_Desktop, [00000195613FC600][00000195610AE340 49] HoloLens, 
[2023.07.09-01.57.07:378][  0]LogMeshReduction: Using QuadricMeshReduction for automatic static mesh reduction
[2023.07.09-01.57.07:378][  0]LogMeshReduction: Using SimplygonMeshReduction for automatic skeletal mesh reduction
[2023.07.09-01.57.07:378][  0]LogMeshReduction: Using ProxyLODMeshReduction for automatic mesh merging
[2023.07.09-01.57.07:378][  0]LogMeshReduction: No distributed automatic mesh merging module available
[2023.07.09-01.57.07:378][  0]LogMeshMerging: No distributed automatic mesh merging module available
[2023.07.09-01.57.07:469][  0]LogNetVersion: TakeComplement_Proj 1.0.0, NetCL: 17155196, EngineNetVer: 17, GameNetVer: 0 (Checksum: 3161883686)
[2023.07.09-01.57.07:638][  0]LogTexture: Default maximum texture size for cubemaps generated from long-lat sources has been changed from 512 to unlimited. In order to preserve old behaiour for '/Engine/MapTemplates/Sky/DaylightAmbientCubemap.DaylightAmbientCubemap', its maximum texture size has been explicitly set to 512.
[2023.07.09-01.57.07:674][  0]LogHMD: PokeAHoleMaterial loaded successfully
[2023.07.09-01.57.07:745][  0]LogMoviePlayer: Initializing movie player
[2023.07.09-01.57.07:831][  0]LogNiagaraDebuggerClient: Niagara Debugger Client Initialized | Session: 7380AB7642A13F5C889874A090146702 | Instance: 1CBDE16A42A9163B35C6DBBCAEC90CB8 (DESKTOP-OAIE35C-15888).
[2023.07.09-01.57.07:844][  0]LogCollectionManager: Loaded 0 collections in 0.001075 seconds
[2023.07.09-01.57.07:846][  0]LogFileCache: Scanning file cache for directory 'C:/Users/Timothy Hurley/Desktop/GitGood/take-the-complement/TakeComplement_Proj 4.27/Saved/Collections/' took 0.00s
[2023.07.09-01.57.07:846][  0]LogFileCache: Scanning file cache for directory 'C:/Users/Timothy Hurley/Desktop/GitGood/take-the-complement/TakeComplement_Proj 4.27/Content/Developers/TimothyHurley/Collections/' took 0.00s
[2023.07.09-01.57.07:846][  0]LogFileCache: Scanning file cache for directory 'C:/Users/Timothy Hurley/Desktop/GitGood/take-the-complement/TakeComplement_Proj 4.27/Content/Collections/' took 0.00s
[2023.07.09-01.57.07:846][  0]LogCollectionManager: Fixed up redirectors for 0 collections in 0.000001 seconds (updated 0 objects)
[2023.07.09-01.57.07:858][  0]LogPython: Using Python 3.7.7
[2023.07.09-01.57.08:255][  0]LogTcpMessaging: Initializing TcpMessaging bridge
[2023.07.09-01.57.08:257][  0]LogUdpMessaging: Initializing bridge on interface 0.0.0.0:0 to multicast group 230.0.0.1:6666.
[2023.07.09-01.57.08:317][  0]SourceControl: Source control is disabled
[2023.07.09-01.57.08:317][  0]SourceControl: Source control is disabled
[2023.07.09-01.57.08:319][  0]SourceControl: Source control is disabled
[2023.07.09-01.57.08:320][  0]LogUProjectInfo: Found projects:
[2023.07.09-01.57.08:371][  0]LogOpenImageDenoise: OIDN starting up
[2023.07.09-01.57.08:399][  0]LogAndroidPermission: UAndroidPermissionCallbackProxy::GetInstance
[2023.07.09-01.57.08:408][  0]LogAudioCaptureCore: Display: No Audio Capture implementations found. Audio input will be silent.
[2023.07.09-01.57.08:408][  0]LogAudioCaptureCore: Display: No Audio Capture implementations found. Audio input will be silent.
[2023.07.09-01.57.08:458][  0]LogOcInput: OculusInput pre-init called
[2023.07.09-01.57.08:465][  0]LogUObjectArray: 22132 objects as part of root set at end of initial load.
[2023.07.09-01.57.08:465][  0]LogUObjectAllocator: 5978592 out of 0 bytes used by permanent object pool.
[2023.07.09-01.57.08:465][  0]LogUObjectArray: CloseDisregardForGC: 0/0 objects in disregard for GC pool
[2023.07.09-01.57.08:499][  0]LogClass: Display: IntProperty FRegisteredDeviceInfo::Handle is not initialized properly. Module:RawInput File:Public/RawInputFunctionLibrary.h
[2023.07.09-01.57.08:499][  0]LogClass: Display: IntProperty FRegisteredDeviceInfo::VendorID is not initialized properly. Module:RawInput File:Public/RawInputFunctionLibrary.h
[2023.07.09-01.57.08:499][  0]LogClass: Display: IntProperty FRegisteredDeviceInfo::ProductID is not initialized properly. Module:RawInput File:Public/RawInputFunctionLibrary.h
[2023.07.09-01.57.08:499][  0]LogClass: Display: 3 Uninitialized script struct members found including 0 object properties
[2023.07.09-01.57.08:499][  0]LogEngine: Initializing Engine...
[2023.07.09-01.57.08:547][  0]LogHMD: Failed to initialize OpenVR with code 108
[2023.07.09-01.57.08:619][  0]LogHMD: Optional extension XR_VARJO_quad_views is not available
[2023.07.09-01.57.08:619][  0]LogHMD: Warning: Required extension XR_EXT_eye_gaze_interaction is not available
[2023.07.09-01.57.08:619][  0]LogHMD: Could not enable all required OpenXR extensions for OpenXREyeTracker on current system. This plugin will be loaded but ignored, but will be enabled on a target platform that supports the required extension.
[2023.07.09-01.57.08:619][  0]LogHMD: Failed to get an OpenXR system, result is XR_ERROR_FORM_FACTOR_UNAVAILABLE. Please check that your runtime supports VR headsets.
[2023.07.09-01.57.08:619][  0]LogMagicLeap: Warning: VR disabled because ZI is not enabled.  To enable, in the editor, Edit -> Project Settings -> Plugins -> Magic Leap Plugin -> Enable Zero Iteration
[2023.07.09-01.57.08:620][  0]LogStats: UGameplayTagsManager::InitializeManager -  0.000 s
[2023.07.09-01.57.08:686][  0]LogInit: Initializing FReadOnlyCVARCache
[2023.07.09-01.57.08:686][  0]LogAudio: Display: Initializing Audio Device Manager...
[2023.07.09-01.57.08:689][  0]LogAudio: Display: Loading Default Audio Settings Objects...
[2023.07.09-01.57.08:689][  0]LogAudio: Display: No default SoundConcurrencyObject specified (or failed to load).
[2023.07.09-01.57.08:689][  0]LogAudio: Display: Audio Device Manager Initialized
[2023.07.09-01.57.08:689][  0]LogAudio: Display: Creating Audio Device:                 Id: 1, Scope: Shared, Realtime: True
[2023.07.09-01.57.08:689][  0]LogAudioMixer: Display: Audio Mixer Platform Settings:
[2023.07.09-01.57.08:689][  0]LogAudioMixer: Display: 	Sample Rate:						  48000
[2023.07.09-01.57.08:689][  0]LogAudioMixer: Display: 	Callback Buffer Frame Size Requested: 1024
[2023.07.09-01.57.08:689][  0]LogAudioMixer: Display: 	Callback Buffer Frame Size To Use:	  1024
[2023.07.09-01.57.08:689][  0]LogAudioMixer: Display: 	Number of buffers to queue:			  2
[2023.07.09-01.57.08:690][  0]LogAudioMixer: Display: 	Max Channels (voices):				  32
[2023.07.09-01.57.08:690][  0]LogAudioMixer: Display: 	Number of Async Source Workers:		  0
[2023.07.09-01.57.08:690][  0]LogAudio: Display: AudioDevice MaxSources: 32
[2023.07.09-01.57.08:690][  0]LogAudio: Display: Audio Spatialization Plugin: None (built-in).
[2023.07.09-01.57.08:690][  0]LogAudio: Display: Audio Reverb Plugin: None (built-in).
[2023.07.09-01.57.08:690][  0]LogAudio: Display: Audio Occlusion Plugin: None (built-in).
[2023.07.09-01.57.08:690][  0]LogAudioMixer: Display: Initializing audio mixer.
[2023.07.09-01.57.08:698][  0]LogAudioMixer: Display: 0: FrontLeft
[2023.07.09-01.57.08:698][  0]LogAudioMixer: Display: 1: FrontRight
[2023.07.09-01.57.08:707][  0]LogAudioMixer: Display: Using Audio Device G34WQC (NVIDIA High Definition Audio)
[2023.07.09-01.57.08:709][  0]LogAudioMixer: Display: Initializing Sound Submixes...
[2023.07.09-01.57.08:710][  0]LogAudioMixer: Display: Creating Master Submix 'MasterSubmixDefault'
[2023.07.09-01.57.08:710][  0]LogAudioMixer: Display: Creating Master Submix 'MasterReverbSubmixDefault'
[2023.07.09-01.57.08:711][  0]LogAudioMixer: Display: Creating Master Submix 'MasterEQSubmixDefault'
[2023.07.09-01.57.08:711][  0]LogAudioMixer: FMixerPlatformXAudio2::StartAudioStream() called
[2023.07.09-01.57.08:711][  0]LogAudioMixer: Display: Output buffers initialized: Frames=1024, Channels=2, Samples=2048
[2023.07.09-01.57.08:711][  0]LogAudioMixer: Display: Starting AudioMixerPlatformInterface::RunInternal()
[2023.07.09-01.57.08:711][  0]LogAudioMixer: Display: FMixerPlatformXAudio2::SubmitBuffer() called for the first time
[2023.07.09-01.57.08:711][  0]LogInit: FAudioDevice initialized.
[2023.07.09-01.57.08:712][  0]LogNetVersion: Set ProjectVersion to 1.0. Version Checksum will be recalculated on next use.
[2023.07.09-01.57.08:713][  0]LogInit: Texture streaming: Enabled
[2023.07.09-01.57.08:765][  0]LogAudio: Display: Audio Device (ID: 1) registered with world 'Untitled'.
[2023.07.09-01.57.08:766][  0]LogSlate: Updating window title bar state: overlay mode, drag disabled, window buttons hidden, title bar hidden
[2023.07.09-01.57.08:766][  0]LogInit: Display: Game Engine Initialized.
[2023.07.09-01.57.08:767][  0]LogNiagaraEditor: GEditor isn't valid! Particle reset commands will not work for Niagara components!
[2023.07.09-01.57.08:842][  0]LogInit: Display: Starting Game.
[2023.07.09-01.57.08:842][  0]LogNet: Browse: /Game/MyContent/Maps/LV_Menu_Home?Name=Player
[2023.07.09-01.57.08:842][  0]LogLoad: LoadMap: /Game/MyContent/Maps/LV_Menu_Home?Name=Player
[2023.07.09-01.57.08:842][  0]LogWorld: BeginTearingDown for /Temp/Untitled_0
[2023.07.09-01.57.08:843][  0]LogWorld: UWorld::CleanupWorld for Untitled, bSessionEnded=true, bCleanupResources=true
[2023.07.09-01.57.08:844][  0]LogSlate: InvalidateAllWidgets triggered.  All widgets were invalidated
[2023.07.09-01.57.08:847][  0]LogAudio: Display: Audio Device unregistered from world 'None'.
[2023.07.09-01.57.08:849][  0]LogUObjectHash: Compacting FUObjectHashTables data took   0.57ms
[2023.07.09-01.57.08:881][  0]LogAudio: Display: Audio Device (ID: 1) registered with world 'LV_Menu_Home'.
[2023.07.09-01.57.08:887][  0]LogAIModule: Creating AISystem for world LV_Menu_Home
[2023.07.09-01.57.09:714][  0]LogSkeletalMesh: Display: [AssetLog] C:\Users\Timothy Hurley\Desktop\GitGood\take-the-complement\TakeComplement_Proj 4.27\Content\PolygonCityChar\Characters\SK_Character_Tourist.uasset: Find and fix some bad tangent! please re-import this skeletal mesh asset to fix the issue. The shading of the skeletal mesh will be bad and faceted.
[2023.07.09-01.57.09:715][  0]LogSkeletalMesh: Display: [AssetLog] C:\Users\Timothy Hurley\Desktop\GitGood\take-the-complement\TakeComplement_Proj 4.27\Content\PolygonCityChar\Characters\SK_Character_SummerGirl.uasset: Find and fix some bad tangent! please re-import this skeletal mesh asset to fix the issue. The shading of the skeletal mesh will be bad and faceted.
[2023.07.09-01.57.09:715][  0]LogSkeletalMesh: Display: [AssetLog] C:\Users\Timothy Hurley\Desktop\GitGood\take-the-complement\TakeComplement_Proj 4.27\Content\PolygonCityChar\Characters\SK_Character_ShopKeeper.uasset: Find and fix some bad tangent! please re-import this skeletal mesh asset to fix the issue. The shading of the skeletal mesh will be bad and faceted.
[2023.07.09-01.57.09:716][  0]LogSkeletalMesh: Display: [AssetLog] C:\Users\Timothy Hurley\Desktop\GitGood\take-the-complement\TakeComplement_Proj 4.27\Content\PolygonCityChar\Characters\SK_Character_Roadworker.uasset: Find and fix some bad tangent! please re-import this skeletal mesh asset to fix the issue. The shading of the skeletal mesh will be bad and faceted.
[2023.07.09-01.57.09:716][  0]LogSkeletalMesh: Display: [AssetLog] C:\Users\Timothy Hurley\Desktop\GitGood\take-the-complement\TakeComplement_Proj 4.27\Content\PolygonCityChar\Characters\SK_Character_Jock.uasset: Find and fix some bad tangent! please re-import this skeletal mesh asset to fix the issue. The shading of the skeletal mesh will be bad and faceted.
[2023.07.09-01.57.09:717][  0]LogSkeletalMesh: Display: [AssetLog] C:\Users\Timothy Hurley\Desktop\GitGood\take-the-complement\TakeComplement_Proj 4.27\Content\PolygonCityChar\Characters\SK_Character_Hotdog.uasset: Find and fix some bad tangent! please re-import this skeletal mesh asset to fix the issue. The shading of the skeletal mesh will be bad and faceted.
[2023.07.09-01.57.09:717][  0]LogSkeletalMesh: Display: [AssetLog] C:\Users\Timothy Hurley\Desktop\GitGood\take-the-complement\TakeComplement_Proj 4.27\Content\PolygonCityChar\Characters\SK_Character_Hobo.uasset: Find and fix some bad tangent! please re-import this skeletal mesh asset to fix the issue. The shading of the skeletal mesh will be bad and faceted.
[2023.07.09-01.57.09:718][  0]LogSkeletalMesh: Display: [AssetLog] C:\Users\Timothy Hurley\Desktop\GitGood\take-the-complement\TakeComplement_Proj 4.27\Content\PolygonCityChar\Characters\SK_Character_PunkGuy.uasset: Find and fix some bad tangent! please re-import this skeletal mesh asset to fix the issue. The shading of the skeletal mesh will be bad and faceted.
[2023.07.09-01.57.09:719][  0]LogSkeletalMesh: Display: [AssetLog] C:\Users\Timothy Hurley\Desktop\GitGood\take-the-complement\TakeComplement_Proj 4.27\Content\PolygonCityChar\Characters\SK_Character_PunkGirl.uasset: Find and fix some bad tangent! please re-import this skeletal mesh asset to fix the issue. The shading of the skeletal mesh will be bad and faceted.
[2023.07.09-01.57.09:721][  0]LogSkeletalMesh: Display: [AssetLog] C:\Users\Timothy Hurley\Desktop\GitGood\take-the-complement\TakeComplement_Proj 4.27\Content\PolygonCityChar\Characters\SK_Character_Paramedic.uasset: Find and fix some bad tangent! please re-import this skeletal mesh asset to fix the issue. The shading of the skeletal mesh will be bad and faceted.
[2023.07.09-01.57.09:721][  0]LogSkeletalMesh: Display: [AssetLog] C:\Users\Timothy Hurley\Desktop\GitGood\take-the-complement\TakeComplement_Proj 4.27\Content\PolygonCityChar\Characters\SK_Character_HipsterGuy.uasset: Find and fix some bad tangent! please re-import this skeletal mesh asset to fix the issue. The shading of the skeletal mesh will be bad and faceted.
[2023.07.09-01.57.09:722][  0]LogSkeletalMesh: Display: [AssetLog] C:\Users\Timothy Hurley\Desktop\GitGood\take-the-complement\TakeComplement_Proj 4.27\Content\PolygonCityChar\Characters\SK_Character_HipsterGirl.uasset: Find and fix some bad tangent! please re-import this skeletal mesh asset to fix the issue. The shading of the skeletal mesh will be bad and faceted.
[2023.07.09-01.57.09:723][  0]LogSkeletalMesh: Display: [AssetLog] C:\Users\Timothy Hurley\Desktop\GitGood\take-the-complement\TakeComplement_Proj 4.27\Content\PolygonCityChar\Characters\SK_Character_Grandpa.uasset: Find and fix some bad tangent! please re-import this skeletal mesh asset to fix the issue. The shading of the skeletal mesh will be bad and faceted.
[2023.07.09-01.57.09:724][  0]LogSkeletalMesh: Display: [AssetLog] C:\Users\Timothy Hurley\Desktop\GitGood\take-the-complement\TakeComplement_Proj 4.27\Content\PolygonCityChar\Characters\SK_Character_Grandma.uasset: Find and fix some bad tangent! please re-import this skeletal mesh asset to fix the issue. The shading of the skeletal mesh will be bad and faceted.
[2023.07.09-01.57.09:725][  0]LogSkeletalMesh: Display: [AssetLog] C:\Users\Timothy Hurley\Desktop\GitGood\take-the-complement\TakeComplement_Proj 4.27\Content\PolygonCityChar\Characters\SK_Character_Gangster.uasset: Find and fix some bad tangent! please re-import this skeletal mesh asset to fix the issue. The shading of the skeletal mesh will be bad and faceted.
[2023.07.09-01.57.09:725][  0]LogSkeletalMesh: Display: [AssetLog] C:\Users\Timothy Hurley\Desktop\GitGood\take-the-complement\TakeComplement_Proj 4.27\Content\PolygonCityChar\Characters\SK_Character_GamerGirl.uasset: Find and fix some bad tangent! please re-import this skeletal mesh asset to fix the issue. The shading of the skeletal mesh will be bad and faceted.
[2023.07.09-01.57.09:726][  0]LogSkeletalMesh: Display: [AssetLog] C:\Users\Timothy Hurley\Desktop\GitGood\take-the-complement\TakeComplement_Proj 4.27\Content\PolygonCityChar\Characters\SK_Character_FireFighter.uasset: Find and fix some bad tangent! please re-import this skeletal mesh asset to fix the issue. The shading of the skeletal mesh will be bad and faceted.
[2023.07.09-01.57.09:727][  0]LogSkeletalMesh: Display: [AssetLog] C:\Users\Timothy Hurley\Desktop\GitGood\take-the-complement\TakeComplement_Proj 4.27\Content\PolygonCityChar\Characters\SK_Character_Biker.uasset: Find and fix some bad tangent! please re-import this skeletal mesh asset to fix the issue. The shading of the skeletal mesh will be bad and faceted.
[2023.07.09-01.57.09:735][  0]LogSkeletalMesh: Display: [AssetLog] C:\Users\Timothy Hurley\Desktop\GitGood\take-the-complement\TakeComplement_Proj 4.27\Content\PolygonCityChar\Characters\SK_Character_FastFoodGuy.uasset: Find and fix some bad tangent! please re-import this skeletal mesh asset to fix the issue. The shading of the skeletal mesh will be bad and faceted.
[2023.07.09-01.57.09:756][  0]LogSkeletalMesh: Display: [AssetLog] C:\Users\Timothy Hurley\Desktop\GitGood\take-the-complement\TakeComplement_Proj 4.27\Content\VehicleAdv\Vehicle\Vehicle_SkelMesh.uasset: Find and fix some bad tangent! please re-import this skeletal mesh asset to fix the issue. The shading of the skeletal mesh will be bad and faceted.
[2023.07.09-01.57.09:771][  0]LogLoad: Game class is 'GM_Infinite_C'
[2023.07.09-01.57.09:773][  0]LogWorld: Bringing World /Game/MyContent/Maps/LV_Menu_Home.LV_Menu_Home up for play (max tick rate 0) at 2023.07.09-11.57.09
[2023.07.09-01.57.09:774][  0]LogWorld: Bringing up level for play took: 0.000359
[2023.07.09-01.57.09:774][  0]LogGameMode: FindPlayerStart: PATHS NOT DEFINED or NO PLAYERSTART with positive rating
[2023.07.09-01.57.09:778][  0]LogLoad: Took 0.935542 seconds to LoadMap(/Game/MyContent/Maps/LV_Menu_Home)
[2023.07.09-01.57.09:862][  0]LogSlate: Took 0.000121 seconds to synchronously load lazily loaded font '../../../Engine/Content/Slate/Fonts/Roboto-Regular.ttf' (155K)
[2023.07.09-01.57.09:902][  0]LogRenderer: Reallocating scene render targets to support 1280x720 Format 10 NumSamples 1 (Frame:1).
[2023.07.09-01.57.09:902][  0]LogInit: Display: Engine is initialized. Leaving FEngineLoop::Init()
[2023.07.09-01.57.09:902][  0]LogLoad: (Engine Initialization) Total time: 5.65 seconds
[2023.07.09-01.57.09:902][  0]LogLoad: (Engine Initialization) Total Blueprint compile time: 0.00 seconds
[2023.07.09-01.57.09:903][  0]LogRawInputWindows: Warning: Found device 11 devices
[2023.07.09-01.57.09:903][  0]LogRawInputWindows: Warning: Found device 11 devices
[2023.07.09-01.57.09:903][  0]LogRawInputWindows: Warning: Device was registered succesfully but not connected (Usage:4 UsagePage:1)
[2023.07.09-01.57.09:903][  0]LogRawInputWindows: Warning: Found device 11 devices
[2023.07.09-01.57.09:903][  0]LogRawInputWindows: Warning: Device was registered succesfully but not connected (Usage:5 UsagePage:1)
[2023.07.09-01.57.09:905][  0]LogContentStreaming: Texture pool size now 1000 MB
[2023.07.09-01.57.09:911][  0]LogSlate: InvalidateAllWidgets triggered.  All widgets were invalidated
[2023.07.09-01.57.09:966][  1]LogSlate: Took 0.000104 seconds to synchronously load lazily loaded font '../../../Engine/Content/Slate/Fonts/Roboto-Regular.ttf' (155K)
[2023.07.09-01.57.28:850][178]LogPackageName: SearchForPackageOnDisk took   0.075s to resolve LV_Game.umap.
[2023.07.09-01.57.28:924][178]LogPackageName: SearchForPackageOnDisk took   0.074s to resolve LV_Game.umap.
[2023.07.09-01.57.28:924][178]LogNet: Browse: /Game/MyContent/Maps/LV_Game
[2023.07.09-01.57.28:924][178]LogLoad: LoadMap: /Game/MyContent/Maps/LV_Game
[2023.07.09-01.57.28:924][178]LogWorld: BeginTearingDown for /Game/MyContent/Maps/LV_Menu_Home
[2023.07.09-01.57.28:924][178]LogWorld: UWorld::CleanupWorld for LV_Menu_Home, bSessionEnded=true, bCleanupResources=true
[2023.07.09-01.57.28:924][178]LogSlate: InvalidateAllWidgets triggered.  All widgets were invalidated
[2023.07.09-01.57.28:961][178]LogAudio: Display: Waited 35.367802 ms for audio thread.
[2023.07.09-01.57.28:966][178]LogAudio: Display: Audio Device unregistered from world 'None'.
[2023.07.09-01.57.28:985][178]LogUObjectHash: Compacting FUObjectHashTables data took   0.78ms
[2023.07.09-01.57.29:968][178]LogSkeletalMesh: Display: [AssetLog] C:\Users\Timothy Hurley\Desktop\GitGood\take-the-complement\TakeComplement_Proj 4.27\Content\PolygonCityChar\Characters\SK_Character_Grandpa.uasset: Find and fix some bad tangent! please re-import this skeletal mesh asset to fix the issue. The shading of the skeletal mesh will be bad and faceted.
[2023.07.09-01.57.29:969][178]LogSkeletalMesh: Display: [AssetLog] C:\Users\Timothy Hurley\Desktop\GitGood\take-the-complement\TakeComplement_Proj 4.27\Content\PolygonCityChar\Characters\SK_Character_Grandma.uasset: Find and fix some bad tangent! please re-import this skeletal mesh asset to fix the issue. The shading of the skeletal mesh will be bad and faceted.
[2023.07.09-01.57.29:970][178]LogSkeletalMesh: Display: [AssetLog] C:\Users\Timothy Hurley\Desktop\GitGood\take-the-complement\TakeComplement_Proj 4.27\Content\PolygonCityChar\Characters\SK_Character_Gangster.uasset: Find and fix some bad tangent! please re-import this skeletal mesh asset to fix the issue. The shading of the skeletal mesh will be bad and faceted.
[2023.07.09-01.57.29:971][178]LogSkeletalMesh: Display: [AssetLog] C:\Users\Timothy Hurley\Desktop\GitGood\take-the-complement\TakeComplement_Proj 4.27\Content\PolygonCityChar\Characters\SK_Character_Paramedic.uasset: Find and fix some bad tangent! please re-import this skeletal mesh asset to fix the issue. The shading of the skeletal mesh will be bad and faceted.
[2023.07.09-01.57.29:972][178]LogSkeletalMesh: Display: [AssetLog] C:\Users\Timothy Hurley\Desktop\GitGood\take-the-complement\TakeComplement_Proj 4.27\Content\PolygonCityChar\Characters\SK_Character_Jock.uasset: Find and fix some bad tangent! please re-import this skeletal mesh asset to fix the issue. The shading of the skeletal mesh will be bad and faceted.
[2023.07.09-01.57.29:972][178]LogSkeletalMesh: Display: [AssetLog] C:\Users\Timothy Hurley\Desktop\GitGood\take-the-complement\TakeComplement_Proj 4.27\Content\PolygonCityChar\Characters\SK_Character_Hotdog.uasset: Find and fix some bad tangent! please re-import this skeletal mesh asset to fix the issue. The shading of the skeletal mesh will be bad and faceted.
[2023.07.09-01.57.29:973][178]LogSkeletalMesh: Display: [AssetLog] C:\Users\Timothy Hurley\Desktop\GitGood\take-the-complement\TakeComplement_Proj 4.27\Content\PolygonCityChar\Characters\SK_Character_Hobo.uasset: Find and fix some bad tangent! please re-import this skeletal mesh asset to fix the issue. The shading of the skeletal mesh will be bad and faceted.
[2023.07.09-01.57.29:974][178]LogSkeletalMesh: Display: [AssetLog] C:\Users\Timothy Hurley\Desktop\GitGood\take-the-complement\TakeComplement_Proj 4.27\Content\PolygonCityChar\Characters\SK_Character_HipsterGuy.uasset: Find and fix some bad tangent! please re-import this skeletal mesh asset to fix the issue. The shading of the skeletal mesh will be bad and faceted.
[2023.07.09-01.57.29:975][178]LogSkeletalMesh: Display: [AssetLog] C:\Users\Timothy Hurley\Desktop\GitGood\take-the-complement\TakeComplement_Proj 4.27\Content\PolygonCityChar\Characters\SK_Character_HipsterGirl.uasset: Find and fix some bad tangent! please re-import this skeletal mesh asset to fix the issue. The shading of the skeletal mesh will be bad and faceted.
[2023.07.09-01.57.29:985][178]LogSkeletalMesh: Display: [AssetLog] C:\Users\Timothy Hurley\Desktop\GitGood\take-the-complement\TakeComplement_Proj 4.27\Content\PolygonCityChar\Characters\SK_Character_GamerGirl.uasset: Find and fix some bad tangent! please re-import this skeletal mesh asset to fix the issue. The shading of the skeletal mesh will be bad and faceted.
[2023.07.09-01.57.29:986][178]LogSkeletalMesh: Display: [AssetLog] C:\Users\Timothy Hurley\Desktop\GitGood\take-the-complement\TakeComplement_Proj 4.27\Content\PolygonCityChar\Characters\SK_Character_FireFighter.uasset: Find and fix some bad tangent! please re-import this skeletal mesh asset to fix the issue. The shading of the skeletal mesh will be bad and faceted.
[2023.07.09-01.57.29:987][178]LogSkeletalMesh: Display: [AssetLog] C:\Users\Timothy Hurley\Desktop\GitGood\take-the-complement\TakeComplement_Proj 4.27\Content\PolygonCityChar\Characters\SK_Character_Biker.uasset: Find and fix some bad tangent! please re-import this skeletal mesh asset to fix the issue. The shading of the skeletal mesh will be bad and faceted.
[2023.07.09-01.57.29:995][178]LogSkeletalMesh: Display: [AssetLog] C:\Users\Timothy Hurley\Desktop\GitGood\take-the-complement\TakeComplement_Proj 4.27\Content\VehicleAdv\Vehicle\Vehicle_SkelMesh.uasset: Find and fix some bad tangent! please re-import this skeletal mesh asset to fix the issue. The shading of the skeletal mesh will be bad and faceted.
[2023.07.09-01.57.30:011][178]LogSkeletalMesh: Display: [AssetLog] C:\Users\Timothy Hurley\Desktop\GitGood\take-the-complement\TakeComplement_Proj 4.27\Content\PolygonCityChar\Characters\SK_Character_Roadworker.uasset: Find and fix some bad tangent! please re-import this skeletal mesh asset to fix the issue. The shading of the skeletal mesh will be bad and faceted.
[2023.07.09-01.57.30:012][178]LogSkeletalMesh: Display: [AssetLog] C:\Users\Timothy Hurley\Desktop\GitGood\take-the-complement\TakeComplement_Proj 4.27\Content\PolygonCityChar\Characters\SK_Character_PunkGuy.uasset: Find and fix some bad tangent! please re-import this skeletal mesh asset to fix the issue. The shading of the skeletal mesh will be bad and faceted.
[2023.07.09-01.57.30:013][178]LogSkeletalMesh: Display: [AssetLog] C:\Users\Timothy Hurley\Desktop\GitGood\take-the-complement\TakeComplement_Proj 4.27\Content\PolygonCityChar\Characters\SK_Character_PunkGirl.uasset: Find and fix some bad tangent! please re-import this skeletal mesh asset to fix the issue. The shading of the skeletal mesh will be bad and faceted.
[2023.07.09-01.57.30:014][178]LogSkeletalMesh: Display: [AssetLog] C:\Users\Timothy Hurley\Desktop\GitGood\take-the-complement\TakeComplement_Proj 4.27\Content\PolygonCityChar\Characters\SK_Character_Tourist.uasset: Find and fix some bad tangent! please re-import this skeletal mesh asset to fix the issue. The shading of the skeletal mesh will be bad and faceted.
[2023.07.09-01.57.30:015][178]LogSkeletalMesh: Display: [AssetLog] C:\Users\Timothy Hurley\Desktop\GitGood\take-the-complement\TakeComplement_Proj 4.27\Content\PolygonCityChar\Characters\SK_Character_SummerGirl.uasset: Find and fix some bad tangent! please re-import this skeletal mesh asset to fix the issue. The shading of the skeletal mesh will be bad and faceted.
[2023.07.09-01.57.30:015][178]LogSkeletalMesh: Display: [AssetLog] C:\Users\Timothy Hurley\Desktop\GitGood\take-the-complement\TakeComplement_Proj 4.27\Content\PolygonCityChar\Characters\SK_Character_ShopKeeper.uasset: Find and fix some bad tangent! please re-import this skeletal mesh asset to fix the issue. The shading of the skeletal mesh will be bad and faceted.
[2023.07.09-01.57.30:018][178]LogSkeletalMesh: Display: [AssetLog] C:\Users\Timothy Hurley\Desktop\GitGood\take-the-complement\TakeComplement_Proj 4.27\Content\PolygonCityChar\Characters\SK_Character_FastFoodGuy.uasset: Find and fix some bad tangent! please re-import this skeletal mesh asset to fix the issue. The shading of the skeletal mesh will be bad and faceted.
[2023.07.09-01.57.30:027][178]LogAudio: Display: Audio Device (ID: 1) registered with world 'LV_Game'.
[2023.07.09-01.57.30:028][178]LogAIModule: Creating AISystem for world LV_Game
[2023.07.09-01.57.30:028][178]LogLoad: Game class is 'GM_Infinite_C'
[2023.07.09-01.57.30:157][178]LogWorld: Bringing World /Game/MyContent/Maps/LV_Game.LV_Game up for play (max tick rate 0) at 2023.07.09-11.57.30
[2023.07.09-01.57.30:157][178]LogWorld: Bringing up level for play took: 0.127997
[2023.07.09-01.57.30:158][178]LogGameMode: FindPlayerStart: PATHS NOT DEFINED or NO PLAYERSTART with positive rating
[2023.07.09-01.57.30:161][178]LogScript: Warning: Script Msg: Attempted to access index 0 from array 'CallFunc_GetAllWidgetsOfClass_FoundWidgets' of length 0 in '/Game/MyContent/Blueprints/GameModes/GM_Infinite.GM_Infinite_C:SetReferences'!
[2023.07.09-01.57.30:177][178]LogLoad: Took 1.253441 seconds to LoadMap(/Game/MyContent/Maps/LV_Game)
[2023.07.09-01.57.39:084][983]LogSlate: Window 'Take the Compliment (64-bit Development PCD3D_SM5) ' being destroyed
[2023.07.09-01.57.39:085][983]LogWindowsTextInputMethodSystem: Display: IME system deactivated.
[2023.07.09-01.57.39:089][983]LogWindowsTextInputMethodSystem: Display: IME system deactivated.
[2023.07.09-01.57.39:091][983]LogSlate: Updating window title bar state: overlay mode, drag disabled, window buttons hidden, title bar hidden
[2023.07.09-01.57.39:091][983]LogEngine: All Windows Closed
[2023.07.09-01.57.39:091][983]LogWindows: FPlatformMisc::RequestExit(0)
[2023.07.09-01.57.39:091][983]LogWindows: FPlatformMisc::RequestExitWithStatus(0, 0)
[2023.07.09-01.57.39:091][983]LogCore: Engine exit requested (reason: Win RequestExit)
[2023.07.09-01.57.39:091][984]LogCore: Engine exit requested (reason: EngineExit() was called; note: exit was already requested)
[2023.07.09-01.57.39:091][984]LogInit: Display: PreExit Game.
[2023.07.09-01.57.39:100][984]LogWorld: BeginTearingDown for /Game/MyContent/Maps/LV_Game
[2023.07.09-01.57.39:100][984]LogWorld: UWorld::CleanupWorld for LV_Game, bSessionEnded=true, bCleanupResources=true
[2023.07.09-01.57.39:104][984]LogSlate: InvalidateAllWidgets triggered.  All widgets were invalidated
[2023.07.09-01.57.39:640][984]LogAudio: Display: Beginning Audio Device Manager Shutdown (Module: AudioMixerXAudio2)...
[2023.07.09-01.57.39:640][984]LogAudio: Display: Destroying 1 Remaining Audio Device(s)...
[2023.07.09-01.57.39:640][984]LogAudio: Display: Audio Device unregistered from world 'LV_Game'.
[2023.07.09-01.57.39:671][984]LogAudioMixer: FMixerPlatformXAudio2::StopAudioStream() called
[2023.07.09-01.57.39:671][984]LogAudioMixer: FMixerPlatformXAudio2::StopAudioStream() called
[2023.07.09-01.57.39:673][984]LogAudio: Display: Audio Device Manager Shutdown
[2023.07.09-01.57.39:677][984]LogExit: Preparing to exit.
[2023.07.09-01.57.40:283][984]LogSlate: Updating window title bar state: overlay mode, drag disabled, window buttons hidden, title bar hidden
[2023.07.09-01.57.40:294][984]LogUObjectHash: Compacting FUObjectHashTables data took   1.23ms
[2023.07.09-01.57.40:322][984]LogMoviePlayer: Shutting down movie player
[2023.07.09-01.57.40:417][984]LogDemo: Cleaned up 0 splitscreen connections with owner deletion
[2023.07.09-01.57.40:420][984]LogExit: Game engine shut down
[2023.07.09-01.57.40:454][984]LogExit: Object subsystem successfully closed.
[2023.07.09-01.57.40:466][984]LogShaderCompilers: Display: === FShaderJobCache stats ===
[2023.07.09-01.57.40:466][984]LogShaderCompilers: Display: Total job queries 0, among them cache hits 0 (0.00%)
[2023.07.09-01.57.40:466][984]LogShaderCompilers: Display: Tracking 0 distinct input hashes that result in 0 distinct outputs (0.00%)
[2023.07.09-01.57.40:466][984]LogShaderCompilers: Display: RAM used: 0.00 MB (0.00 GB) of 1638.40 MB (1.60 GB) budget. Usage: 0.00%
[2023.07.09-01.57.40:466][984]LogShaderCompilers: Display: ================================================
[2023.07.09-01.57.40:469][984]LogShaderCompilers: Display: Shaders left to compile 0
[2023.07.09-01.57.40:485][984]LogModuleManager: Shutting down and abandoning module SequenceRecorderSections (562)
[2023.07.09-01.57.40:485][984]LogModuleManager: Shutting down and abandoning module SequenceRecorder (560)
[2023.07.09-01.57.40:485][984]LogModuleManager: Shutting down and abandoning module AutomationController (558)
[2023.07.09-01.57.40:485][984]LogModuleManager: Shutting down and abandoning module AutomationWorker (556)
[2023.07.09-01.57.40:485][984]LogModuleManager: Shutting down and abandoning module Voice (554)
[2023.07.09-01.57.40:485][984]LogModuleManager: Shutting down and abandoning module AnimGraph (552)
[2023.07.09-01.57.40:485][984]LogModuleManager: Shutting down and abandoning module AIModule (550)
[2023.07.09-01.57.40:485][984]LogModuleManager: Shutting down and abandoning module GameplayDebugger (549)
[2023.07.09-01.57.40:485][984]LogModuleManager: Shutting down and abandoning module AITestSuite (547)
[2023.07.09-01.57.40:485][984]LogModuleManager: Shutting down and abandoning module NavigationSystem (545)
[2023.07.09-01.57.40:485][984]LogModuleManager: Shutting down and abandoning module SteamVREditor (542)
[2023.07.09-01.57.40:485][984]LogModuleManager: Shutting down and abandoning module ToolMenus (541)
[2023.07.09-01.57.40:485][984]LogModuleManager: Shutting down and abandoning module OculusMR (538)
[2023.07.09-01.57.40:485][984]LogModuleManager: Shutting down and abandoning module TakeRecorderSources (536)
[2023.07.09-01.57.40:485][984]LogModuleManager: Shutting down and abandoning module TakeRecorder (535)
[2023.07.09-01.57.40:485][984]LogModuleManager: Shutting down and abandoning module TakeTrackRecorders (532)
[2023.07.09-01.57.40:485][984]LogModuleManager: Shutting down and abandoning module TakesCore (530)
[2023.07.09-01.57.40:485][984]LogModuleManager: Shutting down and abandoning module OpenXRInput (528)
[2023.07.09-01.57.40:485][984]LogModuleManager: Shutting down and abandoning module WmfMediaFactory (526)
[2023.07.09-01.57.40:485][984]LogModuleManager: Shutting down and abandoning module WebMMediaFactory (524)
[2023.07.09-01.57.40:485][984]LogModuleManager: Shutting down and abandoning module WebMMedia (522)
[2023.07.09-01.57.40:485][984]LogModuleManager: Shutting down and abandoning module OpenExrWrapper (520)
[2023.07.09-01.57.40:485][984]LogModuleManager: Shutting down and abandoning module ImgMediaFactory (518)
[2023.07.09-01.57.40:485][984]LogModuleManager: Shutting down and abandoning module AvfMediaFactory (516)
[2023.07.09-01.57.40:485][984]LogModuleManager: Shutting down and abandoning module MagicLeapMediaCodecFactory (514)
[2023.07.09-01.57.40:485][984]LogModuleManager: Shutting down and abandoning module MagicLeapMediaFactory (512)
[2023.07.09-01.57.40:485][984]LogModuleManager: Shutting down and abandoning module PlanarCut (510)
[2023.07.09-01.57.40:485][984]LogModuleManager: Shutting down and abandoning module CharacterAI (508)
[2023.07.09-01.57.40:485][984]LogModuleManager: Shutting down and abandoning module SessionServices (506)
[2023.07.09-01.57.40:485][984]LogModuleManager: Shutting down and abandoning module MovieSceneCapture (504)
[2023.07.09-01.57.40:485][984]LogModuleManager: Shutting down and abandoning module LiveCoding (502)
[2023.07.09-01.57.40:485][984]LogModuleManager: Shutting down and abandoning module LevelSequence (500)
[2023.07.09-01.57.40:485][984]LogModuleManager: Shutting down and abandoning module MovieSceneTracks (498)
[2023.07.09-01.57.40:485][984]LogModuleManager: Shutting down and abandoning module MovieScene (496)
[2023.07.09-01.57.40:485][984]LogModuleManager: Shutting down and abandoning module StreamingPauseRendering (494)
[2023.07.09-01.57.40:485][984]LogModuleManager: Shutting down and abandoning module PortalServices (492)
[2023.07.09-01.57.40:485][984]LogModuleManager: Shutting down and abandoning module PortalRpc (490)
[2023.07.09-01.57.40:485][984]LogModuleManager: Shutting down and abandoning module MessagingRpc (488)
[2023.07.09-01.57.40:485][984]LogModuleManager: Shutting down and abandoning module AudioMixerXAudio2 (486)
[2023.07.09-01.57.40:485][984]LogModuleManager: Shutting down and abandoning module AudioMixerCore (485)
[2023.07.09-01.57.40:485][984]LogModuleManager: Shutting down and abandoning module ImageWriteQueue (482)
[2023.07.09-01.57.40:488][984]LogModuleManager: Shutting down and abandoning module ProfilerService (480)
[2023.07.09-01.57.40:539][984]LogModuleManager: Shutting down and abandoning module TaskGraph (478)
[2023.07.09-01.57.40:539][984]LogModuleManager: Shutting down and abandoning module OculusInput (476)
[2023.07.09-01.57.40:539][984]LogModuleManager: Shutting down and abandoning module Synthesis (474)
[2023.07.09-01.57.40:539][984]LogModuleManager: Shutting down and abandoning module ProceduralMeshComponent (472)
[2023.07.09-01.57.40:539][984]LogModuleManager: Shutting down and abandoning module TakeMovieScene (470)
[2023.07.09-01.57.40:539][984]LogModuleManager: Shutting down and abandoning module MobilePatchingUtils (468)
[2023.07.09-01.57.40:539][984]LogModuleManager: Shutting down and abandoning module AppleImageUtilsBlueprintSupport (466)
[2023.07.09-01.57.40:539][984]LogModuleManager: Shutting down and abandoning module AppleImageUtils (464)
[2023.07.09-01.57.40:539][984]LogModuleManager: Shutting down and abandoning module GooglePAD (462)
[2023.07.09-01.57.40:539][984]LogModuleManager: Shutting down and abandoning module EditableMesh (460)
[2023.07.09-01.57.40:539][984]LogModuleManager: Shutting down and abandoning module CustomMeshComponent (458)
[2023.07.09-01.57.40:539][984]LogModuleManager: Shutting down and abandoning module CableComponent (456)
[2023.07.09-01.57.40:539][984]LogModuleManager: Shutting down and abandoning module AudioCapture (454)
[2023.07.09-01.57.40:539][984]LogModuleManager: Shutting down and abandoning module AudioCaptureRtAudio (453)
[2023.07.09-01.57.40:539][984]LogModuleManager: Shutting down and abandoning module AssetTags (450)
[2023.07.09-01.57.40:539][984]LogModuleManager: Shutting down and abandoning module ArchVisCharacter (448)
[2023.07.09-01.57.40:539][984]LogModuleManager: Shutting down and abandoning module TemplateSequence (446)
[2023.07.09-01.57.40:539][984]LogModuleManager: Shutting down and abandoning module AndroidPermission (444)
[2023.07.09-01.57.40:539][984]LogModuleManager: Shutting down and abandoning module ActorLayerUtilities (442)
[2023.07.09-01.57.40:539][984]LogModuleManager: Shutting down and abandoning module ImgMedia (440)
[2023.07.09-01.57.40:539][984]LogModuleManager: Shutting down and abandoning module MediaCompositing (438)
[2023.07.09-01.57.40:539][984]LogModuleManager: Shutting down and abandoning module MagicLeapSharedWorld (436)
[2023.07.09-01.57.40:539][984]LogModuleManager: Shutting down and abandoning module MagicLeapLightEstimation (434)
[2023.07.09-01.57.40:539][984]LogModuleManager: Shutting down and abandoning module MagicLeapHelperVulkan (432)
[2023.07.09-01.57.40:539][984]LogModuleManager: Shutting down and abandoning module MagicLeapHelperOpenGL (430)
[2023.07.09-01.57.40:539][984]LogModuleManager: Shutting down and abandoning module MagicLeapAudio (428)
[2023.07.09-01.57.40:539][984]LogModuleManager: Shutting down and abandoning module RawInput (426)
[2023.07.09-01.57.40:539][984]LogModuleManager: Shutting down and abandoning module MotoSynth (424)
[2023.07.09-01.57.40:539][984]LogModuleManager: Shutting down and abandoning module OpenImageDenoise (422)
[2023.07.09-01.57.40:539][984]LogOpenImageDenoise: OIDN shutting down
[2023.07.09-01.57.40:539][984]LogModuleManager: Shutting down and abandoning module MeshConversion (420)
[2023.07.09-01.57.40:539][984]LogModuleManager: Shutting down and abandoning module DynamicMesh (418)
[2023.07.09-01.57.40:539][984]LogModuleManager: Shutting down and abandoning module GeometryAlgorithms (416)
[2023.07.09-01.57.40:539][984]LogModuleManager: Shutting down and abandoning module GeometricObjects (414)
[2023.07.09-01.57.40:539][984]LogModuleManager: Shutting down and abandoning module GeometryCollectionTracks (412)
[2023.07.09-01.57.40:539][984]LogModuleManager: Shutting down and abandoning module GeometryCollectionSequencer (411)
[2023.07.09-01.57.40:539][984]LogModuleManager: Shutting down and abandoning module GeometryCacheTracks (408)
[2023.07.09-01.57.40:539][984]LogModuleManager: Shutting down and abandoning module GeometryCacheSequencer (407)
[2023.07.09-01.57.40:539][984]LogModuleManager: Shutting down and abandoning module GeometryCache (404)
[2023.07.09-01.57.40:539][984]LogModuleManager: Shutting down and abandoning module GeometryCacheEd (403)
[2023.07.09-01.57.40:539][984]LogModuleManager: Shutting down and abandoning module ChaosNiagara (400)
[2023.07.09-01.57.40:539][984]LogModuleManager: Shutting down and abandoning module FieldSystemEngine (399)
[2023.07.09-01.57.40:539][984]LogModuleManager: Shutting down and abandoning module AutomationUtils (396)
[2023.07.09-01.57.40:539][984]LogModuleManager: Shutting down and abandoning module BackChannel (394)
[2023.07.09-01.57.40:539][984]LogModuleManager: Shutting down and abandoning module UObjectPlugin (392)
[2023.07.09-01.57.40:539][984]LogModuleManager: Shutting down and abandoning module VisualStudioSourceCodeAccess (390)
[2023.07.09-01.57.40:539][984]LogModuleManager: Shutting down and abandoning module HotReload (389)
[2023.07.09-01.57.40:540][984]LogModuleManager: Shutting down and abandoning module VisualStudioCodeSourceCodeAccess (386)
[2023.07.09-01.57.40:540][984]LogModuleManager: Shutting down and abandoning module SubversionSourceControl (384)
[2023.07.09-01.57.40:540][984]LogModuleManager: Shutting down and abandoning module PerforceSourceControl (382)
[2023.07.09-01.57.40:540][984]LogModuleManager: Shutting down and abandoning module SourceControl (381)
[2023.07.09-01.57.40:540][984]LogModuleManager: Shutting down and abandoning module CLionSourceCodeAccess (378)
[2023.07.09-01.57.40:540][984]LogModuleManager: Shutting down and abandoning module OodleNetworkHandlerComponent (376)
[2023.07.09-01.57.40:540][984]LogModuleManager: Shutting down and abandoning module LiveLinkSequencer (374)
[2023.07.09-01.57.40:540][984]LogModuleManager: Shutting down and abandoning module LiveLinkMovieScene (372)
[2023.07.09-01.57.40:540][984]LogModuleManager: Shutting down and abandoning module LiveLinkGraphNode (370)
[2023.07.09-01.57.40:540][984]LogModuleManager: Shutting down and abandoning module LiveLinkComponents (368)
[2023.07.09-01.57.40:540][984]LogModuleManager: Shutting down and abandoning module LiveLink (366)
